{"C:\\Users\\donpa\\Desktop\\DASHBOARD MIRANDA\\src\\main.jsx": {"path":"C:\\Users\\donpa\\Desktop\\DASHBOARD MIRANDA\\src\\main.jsx","statementMap":{"0":{"start":{"line":23,"column":0},"end":{"line":53,"column":1}}},"fnMap":{},"branchMap":{},"s":{"0":0},"f":{},"b":{}}
,"C:\\Users\\donpa\\Desktop\\DASHBOARD MIRANDA\\src\\App\\Store.js": {"path":"C:\\Users\\donpa\\Desktop\\DASHBOARD MIRANDA\\src\\App\\Store.js","statementMap":{"0":{"start":{"line":6,"column":14},"end":{"line":14,"column":2}}},"fnMap":{},"branchMap":{},"s":{"0":0},"f":{},"b":{}}
,"C:\\Users\\donpa\\Desktop\\DASHBOARD MIRANDA\\src\\Bookings\\Components\\BookingsDetails.js": {"path":"C:\\Users\\donpa\\Desktop\\DASHBOARD MIRANDA\\src\\Bookings\\Components\\BookingsDetails.js","statementMap":{"0":{"start":{"line":10,"column":28},"end":{"line":18,"column":1}},"1":{"start":{"line":19,"column":24},"end":{"line":23,"column":1}},"2":{"start":{"line":24,"column":25},"end":{"line":26,"column":1}},"3":{"start":{"line":27,"column":24},"end":{"line":32,"column":1}},"4":{"start":{"line":33,"column":30},"end":{"line":36,"column":1}},"5":{"start":{"line":37,"column":29},"end":{"line":40,"column":1}},"6":{"start":{"line":41,"column":32},"end":{"line":55,"column":1}},"7":{"start":{"line":56,"column":31},"end":{"line":71,"column":1}},"8":{"start":{"line":72,"column":25},"end":{"line":78,"column":1}},"9":{"start":{"line":79,"column":27},"end":{"line":83,"column":1}},"10":{"start":{"line":84,"column":29},"end":{"line":97,"column":1}},"11":{"start":{"line":98,"column":26},"end":{"line":103,"column":1}},"12":{"start":{"line":104,"column":26},"end":{"line":109,"column":1}},"13":{"start":{"line":110,"column":32},"end":{"line":115,"column":1}},"14":{"start":{"line":116,"column":24},"end":{"line":121,"column":1}},"15":{"start":{"line":122,"column":25},"end":{"line":126,"column":1}},"16":{"start":{"line":127,"column":25},"end":{"line":130,"column":1}},"17":{"start":{"line":131,"column":27},"end":{"line":136,"column":1}},"18":{"start":{"line":137,"column":21},"end":{"line":142,"column":1}},"19":{"start":{"line":143,"column":24},"end":{"line":146,"column":1}},"20":{"start":{"line":147,"column":21},"end":{"line":152,"column":1}},"21":{"start":{"line":153,"column":24},"end":{"line":157,"column":1}},"22":{"start":{"line":158,"column":29},"end":{"line":161,"column":1}},"23":{"start":{"line":162,"column":23},"end":{"line":166,"column":1}},"24":{"start":{"line":167,"column":23},"end":{"line":170,"column":1}},"25":{"start":{"line":171,"column":29},"end":{"line":180,"column":1}},"26":{"start":{"line":181,"column":25},"end":{"line":185,"column":1}},"27":{"start":{"line":186,"column":31},"end":{"line":190,"column":1}},"28":{"start":{"line":191,"column":30},"end":{"line":196,"column":1}},"29":{"start":{"line":197,"column":24},"end":{"line":201,"column":1}},"30":{"start":{"line":202,"column":26},"end":{"line":205,"column":1}},"31":{"start":{"line":206,"column":25},"end":{"line":212,"column":1}}},"fnMap":{},"branchMap":{},"s":{"0":0,"1":0,"2":0,"3":0,"4":0,"5":0,"6":0,"7":0,"8":0,"9":0,"10":0,"11":0,"12":0,"13":0,"14":0,"15":0,"16":0,"17":0,"18":0,"19":0,"20":0,"21":0,"22":0,"23":0,"24":0,"25":0,"26":0,"27":0,"28":0,"29":0,"30":0,"31":0},"f":{},"b":{}}
,"C:\\Users\\donpa\\Desktop\\DASHBOARD MIRANDA\\src\\Bookings\\Features\\BookingsSlice.js": {"path":"C:\\Users\\donpa\\Desktop\\DASHBOARD MIRANDA\\src\\Bookings\\Features\\BookingsSlice.js","statementMap":{"0":{"start":{"line":5,"column":29},"end":{"line":50,"column":2}},"1":{"start":{"line":19,"column":4},"end":{"line":34,"column":9}},"2":{"start":{"line":21,"column":8},"end":{"line":21,"column":33}},"3":{"start":{"line":22,"column":8},"end":{"line":22,"column":53}},"4":{"start":{"line":25,"column":8},"end":{"line":25,"column":51}},"5":{"start":{"line":26,"column":8},"end":{"line":26,"column":34}},"6":{"start":{"line":27,"column":8},"end":{"line":27,"column":43}},"7":{"start":{"line":30,"column":8},"end":{"line":30,"column":55}},"8":{"start":{"line":31,"column":8},"end":{"line":31,"column":35}},"9":{"start":{"line":32,"column":8},"end":{"line":32,"column":36}},"10":{"start":{"line":33,"column":8},"end":{"line":33,"column":27}},"11":{"start":{"line":36,"column":6},"end":{"line":48,"column":10}},"12":{"start":{"line":38,"column":10},"end":{"line":38,"column":35}},"13":{"start":{"line":39,"column":10},"end":{"line":39,"column":59}},"14":{"start":{"line":42,"column":10},"end":{"line":42,"column":36}},"15":{"start":{"line":43,"column":10},"end":{"line":43,"column":38}},"16":{"start":{"line":44,"column":10},"end":{"line":44,"column":29}},"17":{"start":{"line":55,"column":34},"end":{"line":55,"column":71}},"18":{"start":{"line":55,"column":45},"end":{"line":55,"column":71}},"19":{"start":{"line":56,"column":36},"end":{"line":56,"column":75}},"20":{"start":{"line":56,"column":47},"end":{"line":56,"column":75}},"21":{"start":{"line":57,"column":35},"end":{"line":57,"column":66}},"22":{"start":{"line":57,"column":46},"end":{"line":57,"column":66}}},"fnMap":{"0":{"name":"(anonymous_0)","decl":{"start":{"line":17,"column":17},"end":{"line":17,"column":18}},"loc":{"start":{"line":17,"column":30},"end":{"line":49,"column":3}},"line":17},"1":{"name":"(anonymous_1)","decl":{"start":{"line":20,"column":41},"end":{"line":20,"column":42}},"loc":{"start":{"line":20,"column":52},"end":{"line":23,"column":7}},"line":20},"2":{"name":"(anonymous_2)","decl":{"start":{"line":24,"column":42},"end":{"line":24,"column":43}},"loc":{"start":{"line":24,"column":60},"end":{"line":28,"column":7}},"line":24},"3":{"name":"(anonymous_3)","decl":{"start":{"line":29,"column":43},"end":{"line":29,"column":44}},"loc":{"start":{"line":29,"column":62},"end":{"line":34,"column":7}},"line":29},"4":{"name":"(anonymous_4)","decl":{"start":{"line":37,"column":44},"end":{"line":37,"column":45}},"loc":{"start":{"line":37,"column":55},"end":{"line":40,"column":9}},"line":37},"5":{"name":"(anonymous_5)","decl":{"start":{"line":41,"column":46},"end":{"line":41,"column":47}},"loc":{"start":{"line":41,"column":65},"end":{"line":45,"column":9}},"line":41},"6":{"name":"(anonymous_6)","decl":{"start":{"line":46,"column":45},"end":{"line":46,"column":46}},"loc":{"start":{"line":46,"column":64},"end":{"line":48,"column":9}},"line":46},"7":{"name":"(anonymous_7)","decl":{"start":{"line":55,"column":34},"end":{"line":55,"column":35}},"loc":{"start":{"line":55,"column":45},"end":{"line":55,"column":71}},"line":55},"8":{"name":"(anonymous_8)","decl":{"start":{"line":56,"column":36},"end":{"line":56,"column":37}},"loc":{"start":{"line":56,"column":47},"end":{"line":56,"column":75}},"line":56},"9":{"name":"(anonymous_9)","decl":{"start":{"line":57,"column":35},"end":{"line":57,"column":36}},"loc":{"start":{"line":57,"column":46},"end":{"line":57,"column":66}},"line":57}},"branchMap":{"0":{"loc":{"start":{"line":55,"column":45},"end":{"line":55,"column":71}},"type":"binary-expr","locations":[{"start":{"line":55,"column":45},"end":{"line":55,"column":65}},{"start":{"line":55,"column":69},"end":{"line":55,"column":71}}],"line":55},"1":{"loc":{"start":{"line":56,"column":47},"end":{"line":56,"column":75}},"type":"binary-expr","locations":[{"start":{"line":56,"column":47},"end":{"line":56,"column":69}},{"start":{"line":56,"column":73},"end":{"line":56,"column":75}}],"line":56}},"s":{"0":0,"1":0,"2":0,"3":0,"4":0,"5":0,"6":0,"7":0,"8":0,"9":0,"10":0,"11":0,"12":0,"13":0,"14":0,"15":0,"16":0,"17":0,"18":0,"19":0,"20":0,"21":0,"22":0},"f":{"0":0,"1":0,"2":0,"3":0,"4":0,"5":0,"6":0,"7":0,"8":0,"9":0},"b":{"0":[0,0],"1":[0,0]}}
,"C:\\Users\\donpa\\Desktop\\DASHBOARD MIRANDA\\src\\Bookings\\Features\\BookingsThunk.js": {"path":"C:\\Users\\donpa\\Desktop\\DASHBOARD MIRANDA\\src\\Bookings\\Features\\BookingsThunk.js","statementMap":{"0":{"start":{"line":3,"column":32},"end":{"line":26,"column":1}},"1":{"start":{"line":6,"column":4},"end":{"line":24,"column":5}},"2":{"start":{"line":7,"column":23},"end":{"line":20,"column":8}},"3":{"start":{"line":8,"column":8},"end":{"line":19,"column":16}},"4":{"start":{"line":9,"column":10},"end":{"line":18,"column":11}},"5":{"start":{"line":10,"column":29},"end":{"line":10,"column":63}},"6":{"start":{"line":11,"column":12},"end":{"line":13,"column":13}},"7":{"start":{"line":12,"column":14},"end":{"line":12,"column":50}},"8":{"start":{"line":14,"column":25},"end":{"line":14,"column":46}},"9":{"start":{"line":15,"column":12},"end":{"line":15,"column":26}},"10":{"start":{"line":17,"column":12},"end":{"line":17,"column":26}},"11":{"start":{"line":21,"column":6},"end":{"line":21,"column":22}},"12":{"start":{"line":23,"column":6},"end":{"line":23,"column":72}},"13":{"start":{"line":28,"column":33},"end":{"line":53,"column":1}},"14":{"start":{"line":31,"column":4},"end":{"line":51,"column":5}},"15":{"start":{"line":32,"column":27},"end":{"line":47,"column":8}},"16":{"start":{"line":33,"column":8},"end":{"line":46,"column":16}},"17":{"start":{"line":34,"column":10},"end":{"line":45,"column":11}},"18":{"start":{"line":35,"column":29},"end":{"line":35,"column":76}},"19":{"start":{"line":37,"column":12},"end":{"line":39,"column":13}},"20":{"start":{"line":38,"column":14},"end":{"line":38,"column":50}},"21":{"start":{"line":41,"column":25},"end":{"line":41,"column":46}},"22":{"start":{"line":42,"column":12},"end":{"line":42,"column":26}},"23":{"start":{"line":44,"column":12},"end":{"line":44,"column":26}},"24":{"start":{"line":48,"column":6},"end":{"line":48,"column":26}},"25":{"start":{"line":50,"column":6},"end":{"line":50,"column":72}}},"fnMap":{"0":{"name":"(anonymous_0)","decl":{"start":{"line":5,"column":2},"end":{"line":5,"column":3}},"loc":{"start":{"line":5,"column":14},"end":{"line":25,"column":3}},"line":5},"1":{"name":"(anonymous_1)","decl":{"start":{"line":7,"column":41},"end":{"line":7,"column":42}},"loc":{"start":{"line":7,"column":62},"end":{"line":20,"column":7}},"line":7},"2":{"name":"(anonymous_2)","decl":{"start":{"line":8,"column":19},"end":{"line":8,"column":20}},"loc":{"start":{"line":8,"column":31},"end":{"line":19,"column":9}},"line":8},"3":{"name":"(anonymous_3)","decl":{"start":{"line":30,"column":2},"end":{"line":30,"column":3}},"loc":{"start":{"line":30,"column":23},"end":{"line":52,"column":3}},"line":30},"4":{"name":"(anonymous_4)","decl":{"start":{"line":32,"column":45},"end":{"line":32,"column":46}},"loc":{"start":{"line":32,"column":66},"end":{"line":47,"column":7}},"line":32},"5":{"name":"(anonymous_5)","decl":{"start":{"line":33,"column":19},"end":{"line":33,"column":20}},"loc":{"start":{"line":33,"column":31},"end":{"line":46,"column":9}},"line":33}},"branchMap":{"0":{"loc":{"start":{"line":11,"column":12},"end":{"line":13,"column":13}},"type":"if","locations":[{"start":{"line":11,"column":12},"end":{"line":13,"column":13}},{"start":{},"end":{}}],"line":11},"1":{"loc":{"start":{"line":37,"column":12},"end":{"line":39,"column":13}},"type":"if","locations":[{"start":{"line":37,"column":12},"end":{"line":39,"column":13}},{"start":{},"end":{}}],"line":37}},"s":{"0":0,"1":0,"2":0,"3":0,"4":0,"5":0,"6":0,"7":0,"8":0,"9":0,"10":0,"11":0,"12":0,"13":0,"14":0,"15":0,"16":0,"17":0,"18":0,"19":0,"20":0,"21":0,"22":0,"23":0,"24":0,"25":0},"f":{"0":0,"1":0,"2":0,"3":0,"4":0,"5":0},"b":{"0":[0,0],"1":[0,0]}}
,"C:\\Users\\donpa\\Desktop\\DASHBOARD MIRANDA\\src\\Bookings\\Pages\\BookingsDetails.jsx": {"path":"C:\\Users\\donpa\\Desktop\\DASHBOARD MIRANDA\\src\\Bookings\\Pages\\BookingsDetails.jsx","statementMap":{"0":{"start":{"line":12,"column":31},"end":{"line":109,"column":1}},"1":{"start":{"line":13,"column":42},"end":{"line":13,"column":53}},"2":{"start":{"line":14,"column":32},"end":{"line":14,"column":46}},"3":{"start":{"line":15,"column":19},"end":{"line":15,"column":32}},"4":{"start":{"line":16,"column":17},"end":{"line":21,"column":3}},"5":{"start":{"line":23,"column":22},"end":{"line":25,"column":3}},"6":{"start":{"line":24,"column":4},"end":{"line":24,"column":25}},"7":{"start":{"line":28,"column":27},"end":{"line":30,"column":3}},"8":{"start":{"line":29,"column":4},"end":{"line":29,"column":68}},"9":{"start":{"line":29,"column":35},"end":{"line":29,"column":66}},"10":{"start":{"line":32,"column":27},"end":{"line":34,"column":3}},"11":{"start":{"line":33,"column":4},"end":{"line":33,"column":84}},"12":{"start":{"line":33,"column":35},"end":{"line":33,"column":82}},"13":{"start":{"line":36,"column":2},"end":{"line":108,"column":4}}},"fnMap":{"0":{"name":"(anonymous_0)","decl":{"start":{"line":12,"column":31},"end":{"line":12,"column":32}},"loc":{"start":{"line":12,"column":37},"end":{"line":109,"column":1}},"line":12},"1":{"name":"(anonymous_1)","decl":{"start":{"line":23,"column":22},"end":{"line":23,"column":23}},"loc":{"start":{"line":23,"column":28},"end":{"line":25,"column":3}},"line":23},"2":{"name":"(anonymous_2)","decl":{"start":{"line":28,"column":27},"end":{"line":28,"column":28}},"loc":{"start":{"line":28,"column":33},"end":{"line":30,"column":3}},"line":28},"3":{"name":"(anonymous_3)","decl":{"start":{"line":29,"column":20},"end":{"line":29,"column":21}},"loc":{"start":{"line":29,"column":35},"end":{"line":29,"column":66}},"line":29},"4":{"name":"(anonymous_4)","decl":{"start":{"line":32,"column":27},"end":{"line":32,"column":28}},"loc":{"start":{"line":32,"column":33},"end":{"line":34,"column":3}},"line":32},"5":{"name":"(anonymous_5)","decl":{"start":{"line":33,"column":20},"end":{"line":33,"column":21}},"loc":{"start":{"line":33,"column":35},"end":{"line":33,"column":82}},"line":33}},"branchMap":{},"s":{"0":0,"1":0,"2":0,"3":0,"4":0,"5":0,"6":0,"7":0,"8":0,"9":0,"10":0,"11":0,"12":0,"13":0},"f":{"0":0,"1":0,"2":0,"3":0,"4":0,"5":0},"b":{}}
,"C:\\Users\\donpa\\Desktop\\DASHBOARD MIRANDA\\src\\Bookings\\Pages\\BookingsList.jsx": {"path":"C:\\Users\\donpa\\Desktop\\DASHBOARD MIRANDA\\src\\Bookings\\Pages\\BookingsList.jsx","statementMap":{"0":{"start":{"line":39,"column":28},"end":{"line":131,"column":1}},"1":{"start":{"line":40,"column":19},"end":{"line":40,"column":32}},"2":{"start":{"line":41,"column":26},"end":{"line":41,"column":57}},"3":{"start":{"line":42,"column":28},"end":{"line":42,"column":61}},"4":{"start":{"line":43,"column":2},"end":{"line":43,"column":30}},"5":{"start":{"line":45,"column":2},"end":{"line":53,"column":36}},"6":{"start":{"line":46,"column":4},"end":{"line":52,"column":5}},"7":{"start":{"line":47,"column":6},"end":{"line":47,"column":33}},"8":{"start":{"line":48,"column":6},"end":{"line":48,"column":35}},"9":{"start":{"line":49,"column":11},"end":{"line":52,"column":5}},"10":{"start":{"line":50,"column":11},"end":{"line":52,"column":5}},"11":{"start":{"line":51,"column":6},"end":{"line":51,"column":21}},"12":{"start":{"line":55,"column":23},"end":{"line":55,"column":72}},"13":{"start":{"line":55,"column":37},"end":{"line":55,"column":52}},"14":{"start":{"line":59,"column":2},"end":{"line":130,"column":4}},"15":{"start":{"line":91,"column":16},"end":{"line":113,"column":25}}},"fnMap":{"0":{"name":"(anonymous_0)","decl":{"start":{"line":39,"column":28},"end":{"line":39,"column":29}},"loc":{"start":{"line":39,"column":34},"end":{"line":131,"column":1}},"line":39},"1":{"name":"(anonymous_1)","decl":{"start":{"line":45,"column":12},"end":{"line":45,"column":13}},"loc":{"start":{"line":45,"column":18},"end":{"line":53,"column":3}},"line":45},"2":{"name":"(anonymous_2)","decl":{"start":{"line":55,"column":31},"end":{"line":55,"column":32}},"loc":{"start":{"line":55,"column":37},"end":{"line":55,"column":52}},"line":55},"3":{"name":"(anonymous_3)","decl":{"start":{"line":90,"column":45},"end":{"line":90,"column":46}},"loc":{"start":{"line":91,"column":16},"end":{"line":113,"column":25}},"line":91}},"branchMap":{"0":{"loc":{"start":{"line":46,"column":4},"end":{"line":52,"column":5}},"type":"if","locations":[{"start":{"line":46,"column":4},"end":{"line":52,"column":5}},{"start":{"line":49,"column":11},"end":{"line":52,"column":5}}],"line":46},"1":{"loc":{"start":{"line":49,"column":11},"end":{"line":52,"column":5}},"type":"if","locations":[{"start":{"line":49,"column":11},"end":{"line":52,"column":5}},{"start":{"line":50,"column":11},"end":{"line":52,"column":5}}],"line":49},"2":{"loc":{"start":{"line":50,"column":11},"end":{"line":52,"column":5}},"type":"if","locations":[{"start":{"line":50,"column":11},"end":{"line":52,"column":5}},{"start":{},"end":{}}],"line":50}},"s":{"0":0,"1":0,"2":0,"3":0,"4":0,"5":0,"6":0,"7":0,"8":0,"9":0,"10":0,"11":0,"12":0,"13":0,"14":0,"15":0},"f":{"0":0,"1":0,"2":0,"3":0},"b":{"0":[0,0],"1":[0,0],"2":[0,0]}}
,"C:\\Users\\donpa\\Desktop\\DASHBOARD MIRANDA\\src\\Contact\\Components\\Contact.js": {"path":"C:\\Users\\donpa\\Desktop\\DASHBOARD MIRANDA\\src\\Contact\\Components\\Contact.js","statementMap":{"0":{"start":{"line":6,"column":23},"end":{"line":9,"column":1}},"1":{"start":{"line":10,"column":30},"end":{"line":13,"column":1}},"2":{"start":{"line":14,"column":29},"end":{"line":16,"column":1}},"3":{"start":{"line":17,"column":26},"end":{"line":27,"column":1}},"4":{"start":{"line":28,"column":26},"end":{"line":32,"column":1}},"5":{"start":{"line":33,"column":25},"end":{"line":37,"column":1}},"6":{"start":{"line":38,"column":26},"end":{"line":43,"column":1}},"7":{"start":{"line":44,"column":22},"end":{"line":50,"column":1}},"8":{"start":{"line":51,"column":23},"end":{"line":55,"column":1}},"9":{"start":{"line":56,"column":23},"end":{"line":60,"column":1}},"10":{"start":{"line":61,"column":23},"end":{"line":64,"column":1}},"11":{"start":{"line":65,"column":23},"end":{"line":68,"column":1}},"12":{"start":{"line":69,"column":26},"end":{"line":74,"column":1}},"13":{"start":{"line":75,"column":23},"end":{"line":77,"column":1}}},"fnMap":{},"branchMap":{},"s":{"0":0,"1":0,"2":0,"3":0,"4":0,"5":0,"6":0,"7":0,"8":0,"9":0,"10":0,"11":0,"12":0,"13":0},"f":{},"b":{}}
,"C:\\Users\\donpa\\Desktop\\DASHBOARD MIRANDA\\src\\Contact\\Pages\\Contact.jsx": {"path":"C:\\Users\\donpa\\Desktop\\DASHBOARD MIRANDA\\src\\Contact\\Pages\\Contact.jsx","statementMap":{"0":{"start":{"line":10,"column":23},"end":{"line":120,"column":1}},"1":{"start":{"line":12,"column":42},"end":{"line":12,"column":59}},"2":{"start":{"line":13,"column":21},"end":{"line":13,"column":34}},"3":{"start":{"line":15,"column":26},"end":{"line":17,"column":5}},"4":{"start":{"line":16,"column":8},"end":{"line":16,"column":33}},"5":{"start":{"line":19,"column":4},"end":{"line":119,"column":5}},"6":{"start":{"line":95,"column":24},"end":{"line":101,"column":29}}},"fnMap":{"0":{"name":"(anonymous_0)","decl":{"start":{"line":10,"column":23},"end":{"line":10,"column":24}},"loc":{"start":{"line":10,"column":29},"end":{"line":120,"column":1}},"line":10},"1":{"name":"(anonymous_1)","decl":{"start":{"line":15,"column":26},"end":{"line":15,"column":27}},"loc":{"start":{"line":15,"column":32},"end":{"line":17,"column":5}},"line":15},"2":{"name":"(anonymous_2)","decl":{"start":{"line":94,"column":49},"end":{"line":94,"column":50}},"loc":{"start":{"line":95,"column":24},"end":{"line":101,"column":29}},"line":95}},"branchMap":{},"s":{"0":0,"1":0,"2":0,"3":0,"4":0,"5":0,"6":0},"f":{"0":0,"1":0,"2":0},"b":{}}
,"C:\\Users\\donpa\\Desktop\\DASHBOARD MIRANDA\\src\\Dashboard\\Dashboard.jsx": {"path":"C:\\Users\\donpa\\Desktop\\DASHBOARD MIRANDA\\src\\Dashboard\\Dashboard.jsx","statementMap":{"0":{"start":{"line":5,"column":25},"end":{"line":100,"column":1}},"1":{"start":{"line":8,"column":4},"end":{"line":99,"column":5}}},"fnMap":{"0":{"name":"(anonymous_0)","decl":{"start":{"line":5,"column":25},"end":{"line":5,"column":26}},"loc":{"start":{"line":5,"column":31},"end":{"line":100,"column":1}},"line":5}},"branchMap":{},"s":{"0":0,"1":0},"f":{"0":0},"b":{}}
,"C:\\Users\\donpa\\Desktop\\DASHBOARD MIRANDA\\src\\Dashboard\\components\\Dashboard.js": {"path":"C:\\Users\\donpa\\Desktop\\DASHBOARD MIRANDA\\src\\Dashboard\\components\\Dashboard.js","statementMap":{"0":{"start":{"line":8,"column":32},"end":{"line":11,"column":1}},"1":{"start":{"line":12,"column":29},"end":{"line":14,"column":1}},"2":{"start":{"line":15,"column":20},"end":{"line":29,"column":1}},"3":{"start":{"line":30,"column":25},"end":{"line":34,"column":1}},"4":{"start":{"line":35,"column":26},"end":{"line":40,"column":1}},"5":{"start":{"line":41,"column":24},"end":{"line":47,"column":1}},"6":{"start":{"line":48,"column":26},"end":{"line":58,"column":1}},"7":{"start":{"line":59,"column":25},"end":{"line":69,"column":1}},"8":{"start":{"line":71,"column":23},"end":{"line":81,"column":1}},"9":{"start":{"line":82,"column":29},"end":{"line":92,"column":1}},"10":{"start":{"line":93,"column":23},"end":{"line":99,"column":1}},"11":{"start":{"line":100,"column":32},"end":{"line":111,"column":1}},"12":{"start":{"line":112,"column":26},"end":{"line":122,"column":1}},"13":{"start":{"line":123,"column":28},"end":{"line":133,"column":1}},"14":{"start":{"line":134,"column":30},"end":{"line":136,"column":1}}},"fnMap":{},"branchMap":{},"s":{"0":0,"1":0,"2":0,"3":0,"4":0,"5":0,"6":0,"7":0,"8":0,"9":0,"10":0,"11":0,"12":0,"13":0,"14":0},"f":{},"b":{}}
,"C:\\Users\\donpa\\Desktop\\DASHBOARD MIRANDA\\src\\Dashboard\\components\\DashboardNavbar.jsx": {"path":"C:\\Users\\donpa\\Desktop\\DASHBOARD MIRANDA\\src\\Dashboard\\components\\DashboardNavbar.jsx","statementMap":{"0":{"start":{"line":10,"column":31},"end":{"line":67,"column":1}},"1":{"start":{"line":12,"column":28},"end":{"line":12,"column":43}},"2":{"start":{"line":13,"column":29},"end":{"line":13,"column":43}},"3":{"start":{"line":14,"column":21},"end":{"line":14,"column":34}},"4":{"start":{"line":15,"column":21},"end":{"line":15,"column":34}},"5":{"start":{"line":16,"column":25},"end":{"line":16,"column":41}},"6":{"start":{"line":18,"column":27},"end":{"line":21,"column":5}},"7":{"start":{"line":19,"column":8},"end":{"line":19,"column":23}},"8":{"start":{"line":20,"column":8},"end":{"line":20,"column":24}},"9":{"start":{"line":22,"column":21},"end":{"line":33,"column":5}},"10":{"start":{"line":23,"column":8},"end":{"line":32,"column":9}},"11":{"start":{"line":25,"column":16},"end":{"line":25,"column":35}},"12":{"start":{"line":27,"column":16},"end":{"line":27,"column":31}},"13":{"start":{"line":29,"column":16},"end":{"line":29,"column":31}},"14":{"start":{"line":31,"column":16},"end":{"line":31,"column":38}},"15":{"start":{"line":35,"column":25},"end":{"line":40,"column":5}},"16":{"start":{"line":37,"column":8},"end":{"line":37,"column":36}},"17":{"start":{"line":39,"column":8},"end":{"line":39,"column":22}},"18":{"start":{"line":42,"column":4},"end":{"line":66,"column":5}}},"fnMap":{"0":{"name":"(anonymous_0)","decl":{"start":{"line":10,"column":31},"end":{"line":10,"column":32}},"loc":{"start":{"line":10,"column":37},"end":{"line":67,"column":1}},"line":10},"1":{"name":"(anonymous_1)","decl":{"start":{"line":18,"column":27},"end":{"line":18,"column":28}},"loc":{"start":{"line":18,"column":33},"end":{"line":21,"column":5}},"line":18},"2":{"name":"(anonymous_2)","decl":{"start":{"line":22,"column":21},"end":{"line":22,"column":22}},"loc":{"start":{"line":22,"column":27},"end":{"line":33,"column":5}},"line":22},"3":{"name":"(anonymous_3)","decl":{"start":{"line":35,"column":25},"end":{"line":35,"column":26}},"loc":{"start":{"line":35,"column":31},"end":{"line":40,"column":5}},"line":35}},"branchMap":{"0":{"loc":{"start":{"line":23,"column":8},"end":{"line":32,"column":9}},"type":"switch","locations":[{"start":{"line":24,"column":12},"end":{"line":25,"column":35}},{"start":{"line":26,"column":12},"end":{"line":27,"column":31}},{"start":{"line":28,"column":12},"end":{"line":29,"column":31}},{"start":{"line":30,"column":12},"end":{"line":31,"column":38}}],"line":23},"1":{"loc":{"start":{"line":54,"column":21},"end":{"line":54,"column":110}},"type":"cond-expr","locations":[{"start":{"line":54,"column":30},"end":{"line":54,"column":66}},{"start":{"line":54,"column":71},"end":{"line":54,"column":109}}],"line":54}},"s":{"0":0,"1":0,"2":0,"3":0,"4":0,"5":0,"6":0,"7":0,"8":0,"9":0,"10":0,"11":0,"12":0,"13":0,"14":0,"15":0,"16":0,"17":0,"18":0},"f":{"0":0,"1":0,"2":0,"3":0},"b":{"0":[0,0,0,0],"1":[0,0]}}
,"C:\\Users\\donpa\\Desktop\\DASHBOARD MIRANDA\\src\\Dashboard\\components\\DashboardSide.js": {"path":"C:\\Users\\donpa\\Desktop\\DASHBOARD MIRANDA\\src\\Dashboard\\components\\DashboardSide.js","statementMap":{"0":{"start":{"line":11,"column":26},"end":{"line":17,"column":1}},"1":{"start":{"line":18,"column":29},"end":{"line":21,"column":1}},"2":{"start":{"line":22,"column":25},"end":{"line":25,"column":1}},"3":{"start":{"line":26,"column":28},"end":{"line":34,"column":1}},"4":{"start":{"line":35,"column":30},"end":{"line":38,"column":1}},"5":{"start":{"line":39,"column":21},"end":{"line":47,"column":1}},"6":{"start":{"line":48,"column":24},"end":{"line":50,"column":1}},"7":{"start":{"line":51,"column":29},"end":{"line":62,"column":1}},"8":{"start":{"line":63,"column":29},"end":{"line":74,"column":1}},"9":{"start":{"line":75,"column":23},"end":{"line":81,"column":1}},"10":{"start":{"line":82,"column":24},"end":{"line":84,"column":1}},"11":{"start":{"line":85,"column":25},"end":{"line":90,"column":1}},"12":{"start":{"line":91,"column":27},"end":{"line":98,"column":1}},"13":{"start":{"line":99,"column":26},"end":{"line":106,"column":1}},"14":{"start":{"line":107,"column":26},"end":{"line":111,"column":1}},"15":{"start":{"line":112,"column":29},"end":{"line":115,"column":1}},"16":{"start":{"line":116,"column":25},"end":{"line":119,"column":1}},"17":{"start":{"line":120,"column":28},"end":{"line":123,"column":1}},"18":{"start":{"line":124,"column":27},"end":{"line":127,"column":1}},"19":{"start":{"line":128,"column":25},"end":{"line":131,"column":1}},"20":{"start":{"line":132,"column":25},"end":{"line":136,"column":1}},"21":{"start":{"line":137,"column":27},"end":{"line":142,"column":1}},"22":{"start":{"line":143,"column":32},"end":{"line":145,"column":1}}},"fnMap":{},"branchMap":{},"s":{"0":0,"1":0,"2":0,"3":0,"4":0,"5":0,"6":0,"7":0,"8":0,"9":0,"10":0,"11":0,"12":0,"13":0,"14":0,"15":0,"16":0,"17":0,"18":0,"19":0,"20":0,"21":0,"22":0},"f":{},"b":{}}
,"C:\\Users\\donpa\\Desktop\\DASHBOARD MIRANDA\\src\\Dashboard\\components\\DashboardSide.jsx": {"path":"C:\\Users\\donpa\\Desktop\\DASHBOARD MIRANDA\\src\\Dashboard\\components\\DashboardSide.jsx","statementMap":{"0":{"start":{"line":5,"column":29},"end":{"line":33,"column":1}},"1":{"start":{"line":10,"column":4},"end":{"line":32,"column":5}}},"fnMap":{"0":{"name":"(anonymous_0)","decl":{"start":{"line":5,"column":29},"end":{"line":5,"column":30}},"loc":{"start":{"line":5,"column":41},"end":{"line":33,"column":1}},"line":5}},"branchMap":{"0":{"loc":{"start":{"line":12,"column":37},"end":{"line":12,"column":60}},"type":"cond-expr","locations":[{"start":{"line":12,"column":44},"end":{"line":12,"column":51}},{"start":{"line":12,"column":54},"end":{"line":12,"column":60}}],"line":12}},"s":{"0":0,"1":0},"f":{"0":0},"b":{"0":[0,0]}}
,"C:\\Users\\donpa\\Desktop\\DASHBOARD MIRANDA\\src\\Dashboard\\components\\Navbar.js": {"path":"C:\\Users\\donpa\\Desktop\\DASHBOARD MIRANDA\\src\\Dashboard\\components\\Navbar.js","statementMap":{"0":{"start":{"line":10,"column":28},"end":{"line":20,"column":1}},"1":{"start":{"line":21,"column":29},"end":{"line":25,"column":1}},"2":{"start":{"line":26,"column":24},"end":{"line":29,"column":1}},"3":{"start":{"line":30,"column":25},"end":{"line":32,"column":1}},"4":{"start":{"line":33,"column":27},"end":{"line":36,"column":1}},"5":{"start":{"line":37,"column":24},"end":{"line":41,"column":1}},"6":{"start":{"line":42,"column":24},"end":{"line":46,"column":1}},"7":{"start":{"line":47,"column":27},"end":{"line":51,"column":1}},"8":{"start":{"line":52,"column":22},"end":{"line":56,"column":1}}},"fnMap":{},"branchMap":{},"s":{"0":0,"1":0,"2":0,"3":0,"4":0,"5":0,"6":0,"7":0,"8":0},"f":{},"b":{}}
,"C:\\Users\\donpa\\Desktop\\DASHBOARD MIRANDA\\src\\LogIn\\Components\\LogInStyle.js": {"path":"C:\\Users\\donpa\\Desktop\\DASHBOARD MIRANDA\\src\\LogIn\\Components\\LogInStyle.js","statementMap":{"0":{"start":{"line":4,"column":27},"end":{"line":11,"column":1}},"1":{"start":{"line":13,"column":28},"end":{"line":22,"column":1}},"2":{"start":{"line":23,"column":25},"end":{"line":33,"column":1}},"3":{"start":{"line":34,"column":27},"end":{"line":37,"column":1}}},"fnMap":{},"branchMap":{},"s":{"0":0,"1":0,"2":0,"3":0},"f":{},"b":{}}
,"C:\\Users\\donpa\\Desktop\\DASHBOARD MIRANDA\\src\\LogIn\\Components\\PrivateRoute.jsx": {"path":"C:\\Users\\donpa\\Desktop\\DASHBOARD MIRANDA\\src\\LogIn\\Components\\PrivateRoute.jsx","statementMap":{"0":{"start":{"line":5,"column":28},"end":{"line":14,"column":1}},"1":{"start":{"line":6,"column":28},"end":{"line":6,"column":78}},"2":{"start":{"line":8,"column":4},"end":{"line":11,"column":5}},"3":{"start":{"line":9,"column":8},"end":{"line":9,"column":51}},"4":{"start":{"line":10,"column":8},"end":{"line":10,"column":33}},"5":{"start":{"line":13,"column":4},"end":{"line":13,"column":18}}},"fnMap":{"0":{"name":"(anonymous_0)","decl":{"start":{"line":5,"column":28},"end":{"line":5,"column":29}},"loc":{"start":{"line":5,"column":45},"end":{"line":14,"column":1}},"line":5}},"branchMap":{"0":{"loc":{"start":{"line":8,"column":4},"end":{"line":11,"column":5}},"type":"if","locations":[{"start":{"line":8,"column":4},"end":{"line":11,"column":5}},{"start":{},"end":{}}],"line":8}},"s":{"0":0,"1":0,"2":0,"3":0,"4":0,"5":0},"f":{"0":0},"b":{"0":[0,0]}}
,"C:\\Users\\donpa\\Desktop\\DASHBOARD MIRANDA\\src\\LogIn\\Pages\\LogIn.jsx": {"path":"C:\\Users\\donpa\\Desktop\\DASHBOARD MIRANDA\\src\\LogIn\\Pages\\LogIn.jsx","statementMap":{"0":{"start":{"line":7,"column":21},"end":{"line":52,"column":1}},"1":{"start":{"line":9,"column":73},"end":{"line":9,"column":89}},"2":{"start":{"line":12,"column":22},"end":{"line":12,"column":35}},"3":{"start":{"line":14,"column":30},"end":{"line":16,"column":5}},"4":{"start":{"line":15,"column":8},"end":{"line":15,"column":33}},"5":{"start":{"line":17,"column":33},"end":{"line":19,"column":5}},"6":{"start":{"line":18,"column":8},"end":{"line":18,"column":36}},"7":{"start":{"line":21,"column":25},"end":{"line":35,"column":5}},"8":{"start":{"line":22,"column":8},"end":{"line":22,"column":27}},"9":{"start":{"line":24,"column":8},"end":{"line":34,"column":9}},"10":{"start":{"line":26,"column":10},"end":{"line":26,"column":33}},"11":{"start":{"line":28,"column":10},"end":{"line":28,"column":58}},"12":{"start":{"line":29,"column":10},"end":{"line":29,"column":46}},"13":{"start":{"line":30,"column":10},"end":{"line":30,"column":33}},"14":{"start":{"line":33,"column":12},"end":{"line":33,"column":50}},"15":{"start":{"line":37,"column":4},"end":{"line":51,"column":5}}},"fnMap":{"0":{"name":"(anonymous_0)","decl":{"start":{"line":7,"column":21},"end":{"line":7,"column":22}},"loc":{"start":{"line":7,"column":27},"end":{"line":52,"column":1}},"line":7},"1":{"name":"(anonymous_1)","decl":{"start":{"line":14,"column":30},"end":{"line":14,"column":31}},"loc":{"start":{"line":14,"column":37},"end":{"line":16,"column":5}},"line":14},"2":{"name":"(anonymous_2)","decl":{"start":{"line":17,"column":33},"end":{"line":17,"column":34}},"loc":{"start":{"line":17,"column":40},"end":{"line":19,"column":5}},"line":17},"3":{"name":"(anonymous_3)","decl":{"start":{"line":21,"column":25},"end":{"line":21,"column":26}},"loc":{"start":{"line":21,"column":32},"end":{"line":35,"column":5}},"line":21}},"branchMap":{"0":{"loc":{"start":{"line":24,"column":8},"end":{"line":34,"column":9}},"type":"if","locations":[{"start":{"line":24,"column":8},"end":{"line":34,"column":9}},{"start":{"line":32,"column":15},"end":{"line":34,"column":9}}],"line":24},"1":{"loc":{"start":{"line":24,"column":12},"end":{"line":24,"column":51}},"type":"binary-expr","locations":[{"start":{"line":24,"column":12},"end":{"line":24,"column":28}},{"start":{"line":24,"column":32},"end":{"line":24,"column":51}}],"line":24}},"s":{"0":0,"1":0,"2":0,"3":0,"4":0,"5":0,"6":0,"7":0,"8":0,"9":0,"10":0,"11":0,"12":0,"13":0,"14":0,"15":0},"f":{"0":0,"1":0,"2":0,"3":0},"b":{"0":[0,0],"1":[0,0]}}
,"C:\\Users\\donpa\\Desktop\\DASHBOARD MIRANDA\\src\\Rooms\\Components\\RoomsCreate.js": {"path":"C:\\Users\\donpa\\Desktop\\DASHBOARD MIRANDA\\src\\Rooms\\Components\\RoomsCreate.js","statementMap":{"0":{"start":{"line":4,"column":26},"end":{"line":15,"column":1}},"1":{"start":{"line":16,"column":33},"end":{"line":18,"column":1}},"2":{"start":{"line":19,"column":28},"end":{"line":21,"column":1}},"3":{"start":{"line":22,"column":24},"end":{"line":30,"column":1}},"4":{"start":{"line":31,"column":24},"end":{"line":38,"column":1}},"5":{"start":{"line":39,"column":23},"end":{"line":42,"column":1}},"6":{"start":{"line":43,"column":27},"end":{"line":52,"column":1}},"7":{"start":{"line":53,"column":24},"end":{"line":57,"column":1}},"8":{"start":{"line":58,"column":26},"end":{"line":61,"column":1}},"9":{"start":{"line":62,"column":21},"end":{"line":72,"column":1}},"10":{"start":{"line":73,"column":27},"end":{"line":92,"column":1}},"11":{"start":{"line":93,"column":33},"end":{"line":97,"column":1}},"12":{"start":{"line":98,"column":32},"end":{"line":107,"column":1}},"13":{"start":{"line":108,"column":29},"end":{"line":116,"column":1}},"14":{"start":{"line":117,"column":30},"end":{"line":120,"column":1}},"15":{"start":{"line":121,"column":31},"end":{"line":138,"column":1}},"16":{"start":{"line":139,"column":31},"end":{"line":144,"column":1}},"17":{"start":{"line":145,"column":26},"end":{"line":159,"column":1}},"18":{"start":{"line":160,"column":25},"end":{"line":166,"column":1}},"19":{"start":{"line":167,"column":26},"end":{"line":171,"column":1}},"20":{"start":{"line":172,"column":31},"end":{"line":187,"column":1}},"21":{"start":{"line":188,"column":28},"end":{"line":204,"column":1}}},"fnMap":{},"branchMap":{},"s":{"0":0,"1":0,"2":0,"3":0,"4":0,"5":0,"6":0,"7":0,"8":0,"9":0,"10":0,"11":0,"12":0,"13":0,"14":0,"15":0,"16":0,"17":0,"18":0,"19":0,"20":0,"21":0},"f":{},"b":{}}
,"C:\\Users\\donpa\\Desktop\\DASHBOARD MIRANDA\\src\\Rooms\\Components\\RoomsList.js": {"path":"C:\\Users\\donpa\\Desktop\\DASHBOARD MIRANDA\\src\\Rooms\\Components\\RoomsList.js","statementMap":{"0":{"start":{"line":5,"column":31},"end":{"line":9,"column":1}},"1":{"start":{"line":10,"column":27},"end":{"line":15,"column":1}},"2":{"start":{"line":16,"column":32},"end":{"line":20,"column":1}},"3":{"start":{"line":21,"column":29},"end":{"line":26,"column":1}},"4":{"start":{"line":27,"column":25},"end":{"line":32,"column":1}},"5":{"start":{"line":33,"column":27},"end":{"line":42,"column":1}},"6":{"start":{"line":43,"column":30},"end":{"line":45,"column":1}},"7":{"start":{"line":46,"column":26},"end":{"line":54,"column":1}},"8":{"start":{"line":55,"column":26},"end":{"line":61,"column":1}},"9":{"start":{"line":62,"column":26},"end":{"line":64,"column":1}}},"fnMap":{},"branchMap":{},"s":{"0":0,"1":0,"2":0,"3":0,"4":0,"5":0,"6":0,"7":0,"8":0,"9":0},"f":{},"b":{}}
,"C:\\Users\\donpa\\Desktop\\DASHBOARD MIRANDA\\src\\Rooms\\Features\\RoomsSlice.js": {"path":"C:\\Users\\donpa\\Desktop\\DASHBOARD MIRANDA\\src\\Rooms\\Features\\RoomsSlice.js","statementMap":{"0":{"start":{"line":10,"column":26},"end":{"line":125,"column":2}},"1":{"start":{"line":29,"column":4},"end":{"line":41,"column":9}},"2":{"start":{"line":31,"column":8},"end":{"line":31,"column":33}},"3":{"start":{"line":34,"column":8},"end":{"line":34,"column":35}},"4":{"start":{"line":35,"column":8},"end":{"line":35,"column":36}},"5":{"start":{"line":36,"column":8},"end":{"line":36,"column":27}},"6":{"start":{"line":39,"column":8},"end":{"line":39,"column":34}},"7":{"start":{"line":40,"column":8},"end":{"line":40,"column":43}},"8":{"start":{"line":44,"column":4},"end":{"line":57,"column":9}},"9":{"start":{"line":46,"column":8},"end":{"line":46,"column":42}},"10":{"start":{"line":49,"column":8},"end":{"line":49,"column":44}},"11":{"start":{"line":50,"column":8},"end":{"line":50,"column":43}},"12":{"start":{"line":51,"column":8},"end":{"line":51,"column":34}},"13":{"start":{"line":52,"column":8},"end":{"line":52,"column":72}},"14":{"start":{"line":55,"column":8},"end":{"line":55,"column":43}},"15":{"start":{"line":56,"column":8},"end":{"line":56,"column":50}},"16":{"start":{"line":62,"column":6},"end":{"line":83,"column":11}},"17":{"start":{"line":64,"column":10},"end":{"line":64,"column":42}},"18":{"start":{"line":65,"column":10},"end":{"line":65,"column":51}},"19":{"start":{"line":68,"column":10},"end":{"line":68,"column":44}},"20":{"start":{"line":69,"column":10},"end":{"line":69,"column":45}},"21":{"start":{"line":72,"column":24},"end":{"line":72,"column":85}},"22":{"start":{"line":72,"column":55},"end":{"line":72,"column":84}},"23":{"start":{"line":73,"column":10},"end":{"line":75,"column":11}},"24":{"start":{"line":74,"column":12},"end":{"line":74,"column":47}},"25":{"start":{"line":77,"column":10},"end":{"line":77,"column":78}},"26":{"start":{"line":80,"column":10},"end":{"line":80,"column":43}},"27":{"start":{"line":81,"column":10},"end":{"line":81,"column":52}},"28":{"start":{"line":82,"column":10},"end":{"line":82,"column":72}},"29":{"start":{"line":87,"column":6},"end":{"line":108,"column":11}},"30":{"start":{"line":89,"column":10},"end":{"line":89,"column":41}},"31":{"start":{"line":92,"column":10},"end":{"line":92,"column":37}},"32":{"start":{"line":94,"column":10},"end":{"line":96,"column":12}},"33":{"start":{"line":95,"column":22},"end":{"line":95,"column":51}},"34":{"start":{"line":97,"column":10},"end":{"line":97,"column":49}},"35":{"start":{"line":98,"column":10},"end":{"line":101,"column":11}},"36":{"start":{"line":99,"column":12},"end":{"line":99,"column":35}},"37":{"start":{"line":100,"column":12},"end":{"line":100,"column":41}},"38":{"start":{"line":103,"column":10},"end":{"line":103,"column":29}},"39":{"start":{"line":106,"column":10},"end":{"line":106,"column":43}},"40":{"start":{"line":107,"column":10},"end":{"line":107,"column":52}},"41":{"start":{"line":111,"column":4},"end":{"line":123,"column":9}},"42":{"start":{"line":113,"column":8},"end":{"line":113,"column":40}},"43":{"start":{"line":116,"column":8},"end":{"line":116,"column":35}},"44":{"start":{"line":117,"column":8},"end":{"line":117,"column":40}},"45":{"start":{"line":118,"column":8},"end":{"line":118,"column":27}},"46":{"start":{"line":121,"column":8},"end":{"line":121,"column":41}},"47":{"start":{"line":122,"column":8},"end":{"line":122,"column":50}},"48":{"start":{"line":128,"column":31},"end":{"line":128,"column":58}},"49":{"start":{"line":128,"column":42},"end":{"line":128,"column":58}},"50":{"start":{"line":129,"column":33},"end":{"line":129,"column":62}},"51":{"start":{"line":129,"column":44},"end":{"line":129,"column":62}},"52":{"start":{"line":130,"column":32},"end":{"line":130,"column":60}},"53":{"start":{"line":130,"column":43},"end":{"line":130,"column":60}},"54":{"start":{"line":132,"column":30},"end":{"line":132,"column":64}},"55":{"start":{"line":132,"column":41},"end":{"line":132,"column":64}},"56":{"start":{"line":133,"column":32},"end":{"line":133,"column":68}},"57":{"start":{"line":133,"column":43},"end":{"line":133,"column":68}}},"fnMap":{"0":{"name":"(anonymous_0)","decl":{"start":{"line":27,"column":17},"end":{"line":27,"column":18}},"loc":{"start":{"line":27,"column":30},"end":{"line":124,"column":3}},"line":27},"1":{"name":"(anonymous_1)","decl":{"start":{"line":30,"column":35},"end":{"line":30,"column":36}},"loc":{"start":{"line":30,"column":46},"end":{"line":32,"column":7}},"line":30},"2":{"name":"(anonymous_2)","decl":{"start":{"line":33,"column":37},"end":{"line":33,"column":38}},"loc":{"start":{"line":33,"column":56},"end":{"line":37,"column":7}},"line":33},"3":{"name":"(anonymous_3)","decl":{"start":{"line":38,"column":36},"end":{"line":38,"column":37}},"loc":{"start":{"line":38,"column":55},"end":{"line":41,"column":7}},"line":38},"4":{"name":"(anonymous_4)","decl":{"start":{"line":45,"column":36},"end":{"line":45,"column":37}},"loc":{"start":{"line":45,"column":47},"end":{"line":47,"column":7}},"line":45},"5":{"name":"(anonymous_5)","decl":{"start":{"line":48,"column":38},"end":{"line":48,"column":39}},"loc":{"start":{"line":48,"column":57},"end":{"line":53,"column":7}},"line":48},"6":{"name":"(anonymous_6)","decl":{"start":{"line":54,"column":37},"end":{"line":54,"column":38}},"loc":{"start":{"line":54,"column":56},"end":{"line":57,"column":7}},"line":54},"7":{"name":"(anonymous_7)","decl":{"start":{"line":63,"column":40},"end":{"line":63,"column":41}},"loc":{"start":{"line":63,"column":51},"end":{"line":66,"column":9}},"line":63},"8":{"name":"(anonymous_8)","decl":{"start":{"line":67,"column":42},"end":{"line":67,"column":43}},"loc":{"start":{"line":67,"column":61},"end":{"line":78,"column":9}},"line":67},"9":{"name":"(anonymous_9)","decl":{"start":{"line":72,"column":45},"end":{"line":72,"column":46}},"loc":{"start":{"line":72,"column":55},"end":{"line":72,"column":84}},"line":72},"10":{"name":"(anonymous_10)","decl":{"start":{"line":79,"column":41},"end":{"line":79,"column":42}},"loc":{"start":{"line":79,"column":60},"end":{"line":83,"column":9}},"line":79},"11":{"name":"(anonymous_11)","decl":{"start":{"line":88,"column":42},"end":{"line":88,"column":43}},"loc":{"start":{"line":88,"column":53},"end":{"line":90,"column":9}},"line":88},"12":{"name":"(anonymous_12)","decl":{"start":{"line":91,"column":44},"end":{"line":91,"column":45}},"loc":{"start":{"line":91,"column":63},"end":{"line":104,"column":9}},"line":91},"13":{"name":"(anonymous_13)","decl":{"start":{"line":95,"column":12},"end":{"line":95,"column":13}},"loc":{"start":{"line":95,"column":22},"end":{"line":95,"column":51}},"line":95},"14":{"name":"(anonymous_14)","decl":{"start":{"line":105,"column":43},"end":{"line":105,"column":44}},"loc":{"start":{"line":105,"column":62},"end":{"line":108,"column":9}},"line":105},"15":{"name":"(anonymous_15)","decl":{"start":{"line":112,"column":40},"end":{"line":112,"column":41}},"loc":{"start":{"line":112,"column":51},"end":{"line":114,"column":7}},"line":112},"16":{"name":"(anonymous_16)","decl":{"start":{"line":115,"column":42},"end":{"line":115,"column":43}},"loc":{"start":{"line":115,"column":61},"end":{"line":119,"column":7}},"line":115},"17":{"name":"(anonymous_17)","decl":{"start":{"line":120,"column":41},"end":{"line":120,"column":42}},"loc":{"start":{"line":120,"column":60},"end":{"line":123,"column":7}},"line":120},"18":{"name":"(anonymous_18)","decl":{"start":{"line":128,"column":31},"end":{"line":128,"column":32}},"loc":{"start":{"line":128,"column":42},"end":{"line":128,"column":58}},"line":128},"19":{"name":"(anonymous_19)","decl":{"start":{"line":129,"column":33},"end":{"line":129,"column":34}},"loc":{"start":{"line":129,"column":44},"end":{"line":129,"column":62}},"line":129},"20":{"name":"(anonymous_20)","decl":{"start":{"line":130,"column":32},"end":{"line":130,"column":33}},"loc":{"start":{"line":130,"column":43},"end":{"line":130,"column":60}},"line":130},"21":{"name":"(anonymous_21)","decl":{"start":{"line":132,"column":30},"end":{"line":132,"column":31}},"loc":{"start":{"line":132,"column":41},"end":{"line":132,"column":64}},"line":132},"22":{"name":"(anonymous_22)","decl":{"start":{"line":133,"column":32},"end":{"line":133,"column":33}},"loc":{"start":{"line":133,"column":43},"end":{"line":133,"column":68}},"line":133}},"branchMap":{"0":{"loc":{"start":{"line":73,"column":10},"end":{"line":75,"column":11}},"type":"if","locations":[{"start":{"line":73,"column":10},"end":{"line":75,"column":11}},{"start":{},"end":{}}],"line":73},"1":{"loc":{"start":{"line":98,"column":10},"end":{"line":101,"column":11}},"type":"if","locations":[{"start":{"line":98,"column":10},"end":{"line":101,"column":11}},{"start":{},"end":{}}],"line":98}},"s":{"0":0,"1":0,"2":0,"3":0,"4":0,"5":0,"6":0,"7":0,"8":0,"9":0,"10":0,"11":0,"12":0,"13":0,"14":0,"15":0,"16":0,"17":0,"18":0,"19":0,"20":0,"21":0,"22":0,"23":0,"24":0,"25":0,"26":0,"27":0,"28":0,"29":0,"30":0,"31":0,"32":0,"33":0,"34":0,"35":0,"36":0,"37":0,"38":0,"39":0,"40":0,"41":0,"42":0,"43":0,"44":0,"45":0,"46":0,"47":0,"48":0,"49":0,"50":0,"51":0,"52":0,"53":0,"54":0,"55":0,"56":0,"57":0},"f":{"0":0,"1":0,"2":0,"3":0,"4":0,"5":0,"6":0,"7":0,"8":0,"9":0,"10":0,"11":0,"12":0,"13":0,"14":0,"15":0,"16":0,"17":0,"18":0,"19":0,"20":0,"21":0,"22":0},"b":{"0":[0,0],"1":[0,0]}}
,"C:\\Users\\donpa\\Desktop\\DASHBOARD MIRANDA\\src\\Rooms\\Features\\RoomsThunk.js": {"path":"C:\\Users\\donpa\\Desktop\\DASHBOARD MIRANDA\\src\\Rooms\\Features\\RoomsThunk.js","statementMap":{"0":{"start":{"line":3,"column":26},"end":{"line":23,"column":2}},"1":{"start":{"line":4,"column":2},"end":{"line":22,"column":3}},"2":{"start":{"line":5,"column":18},"end":{"line":18,"column":6}},"3":{"start":{"line":6,"column":6},"end":{"line":17,"column":14}},"4":{"start":{"line":7,"column":8},"end":{"line":16,"column":9}},"5":{"start":{"line":8,"column":27},"end":{"line":8,"column":58}},"6":{"start":{"line":9,"column":10},"end":{"line":11,"column":11}},"7":{"start":{"line":10,"column":12},"end":{"line":10,"column":48}},"8":{"start":{"line":12,"column":23},"end":{"line":12,"column":44}},"9":{"start":{"line":13,"column":10},"end":{"line":13,"column":24}},"10":{"start":{"line":15,"column":10},"end":{"line":15,"column":23}},"11":{"start":{"line":19,"column":4},"end":{"line":19,"column":17}},"12":{"start":{"line":21,"column":4},"end":{"line":21,"column":67}},"13":{"start":{"line":26,"column":27},"end":{"line":68,"column":1}},"14":{"start":{"line":29,"column":4},"end":{"line":66,"column":5}},"15":{"start":{"line":30,"column":21},"end":{"line":59,"column":8}},"16":{"start":{"line":31,"column":8},"end":{"line":58,"column":16}},"17":{"start":{"line":32,"column":10},"end":{"line":57,"column":11}},"18":{"start":{"line":33,"column":12},"end":{"line":36,"column":14}},"19":{"start":{"line":38,"column":29},"end":{"line":38,"column":60}},"20":{"start":{"line":39,"column":12},"end":{"line":41,"column":13}},"21":{"start":{"line":40,"column":14},"end":{"line":40,"column":50}},"22":{"start":{"line":42,"column":29},"end":{"line":42,"column":50}},"23":{"start":{"line":43,"column":12},"end":{"line":43,"column":53}},"24":{"start":{"line":45,"column":25},"end":{"line":45,"column":72}},"25":{"start":{"line":45,"column":49},"end":{"line":45,"column":71}},"26":{"start":{"line":47,"column":12},"end":{"line":53,"column":13}},"27":{"start":{"line":48,"column":14},"end":{"line":48,"column":58}},"28":{"start":{"line":49,"column":14},"end":{"line":49,"column":28}},"29":{"start":{"line":51,"column":14},"end":{"line":51,"column":70}},"30":{"start":{"line":52,"column":14},"end":{"line":52,"column":49}},"31":{"start":{"line":55,"column":12},"end":{"line":55,"column":59}},"32":{"start":{"line":56,"column":12},"end":{"line":56,"column":26}},"33":{"start":{"line":60,"column":6},"end":{"line":60,"column":20}},"34":{"start":{"line":62,"column":6},"end":{"line":62,"column":49}},"35":{"start":{"line":63,"column":6},"end":{"line":65,"column":8}},"36":{"start":{"line":71,"column":29},"end":{"line":110,"column":1}},"37":{"start":{"line":74,"column":4},"end":{"line":108,"column":5}},"38":{"start":{"line":75,"column":21},"end":{"line":103,"column":8}},"39":{"start":{"line":76,"column":8},"end":{"line":102,"column":16}},"40":{"start":{"line":77,"column":10},"end":{"line":101,"column":11}},"41":{"start":{"line":78,"column":12},"end":{"line":78,"column":62}},"42":{"start":{"line":80,"column":29},"end":{"line":80,"column":60}},"43":{"start":{"line":81,"column":12},"end":{"line":83,"column":13}},"44":{"start":{"line":82,"column":14},"end":{"line":82,"column":50}},"45":{"start":{"line":84,"column":29},"end":{"line":84,"column":50}},"46":{"start":{"line":85,"column":32},"end":{"line":87,"column":13}},"47":{"start":{"line":86,"column":14},"end":{"line":86,"column":73}},"48":{"start":{"line":88,"column":36},"end":{"line":90,"column":13}},"49":{"start":{"line":89,"column":24},"end":{"line":89,"column":46}},"50":{"start":{"line":91,"column":12},"end":{"line":97,"column":13}},"51":{"start":{"line":92,"column":14},"end":{"line":92,"column":70}},"52":{"start":{"line":93,"column":14},"end":{"line":93,"column":39}},"53":{"start":{"line":95,"column":14},"end":{"line":95,"column":70}},"54":{"start":{"line":96,"column":14},"end":{"line":96,"column":49}},"55":{"start":{"line":99,"column":12},"end":{"line":99,"column":59}},"56":{"start":{"line":100,"column":12},"end":{"line":100,"column":26}},"57":{"start":{"line":104,"column":6},"end":{"line":104,"column":20}},"58":{"start":{"line":106,"column":6},"end":{"line":106,"column":49}},"59":{"start":{"line":107,"column":6},"end":{"line":107,"column":79}},"60":{"start":{"line":113,"column":31},"end":{"line":137,"column":1}},"61":{"start":{"line":116,"column":4},"end":{"line":135,"column":5}},"62":{"start":{"line":117,"column":21},"end":{"line":131,"column":8}},"63":{"start":{"line":118,"column":8},"end":{"line":130,"column":16}},"64":{"start":{"line":119,"column":10},"end":{"line":129,"column":11}},"65":{"start":{"line":120,"column":29},"end":{"line":120,"column":73}},"66":{"start":{"line":122,"column":12},"end":{"line":124,"column":13}},"67":{"start":{"line":123,"column":14},"end":{"line":123,"column":56}},"68":{"start":{"line":126,"column":12},"end":{"line":126,"column":32}},"69":{"start":{"line":128,"column":12},"end":{"line":128,"column":26}},"70":{"start":{"line":132,"column":6},"end":{"line":132,"column":20}},"71":{"start":{"line":134,"column":6},"end":{"line":134,"column":57}},"72":{"start":{"line":140,"column":31},"end":{"line":165,"column":1}},"73":{"start":{"line":143,"column":4},"end":{"line":163,"column":5}},"74":{"start":{"line":144,"column":21},"end":{"line":158,"column":8}},"75":{"start":{"line":145,"column":8},"end":{"line":157,"column":16}},"76":{"start":{"line":146,"column":10},"end":{"line":156,"column":11}},"77":{"start":{"line":147,"column":34},"end":{"line":150,"column":13}},"78":{"start":{"line":153,"column":12},"end":{"line":153,"column":35}},"79":{"start":{"line":155,"column":12},"end":{"line":155,"column":51}},"80":{"start":{"line":160,"column":6},"end":{"line":160,"column":20}},"81":{"start":{"line":162,"column":6},"end":{"line":162,"column":36}}},"fnMap":{"0":{"name":"(anonymous_0)","decl":{"start":{"line":3,"column":61},"end":{"line":3,"column":62}},"loc":{"start":{"line":3,"column":73},"end":{"line":23,"column":1}},"line":3},"1":{"name":"(anonymous_1)","decl":{"start":{"line":5,"column":37},"end":{"line":5,"column":38}},"loc":{"start":{"line":5,"column":57},"end":{"line":18,"column":5}},"line":5},"2":{"name":"(anonymous_2)","decl":{"start":{"line":6,"column":17},"end":{"line":6,"column":18}},"loc":{"start":{"line":6,"column":29},"end":{"line":17,"column":7}},"line":6},"3":{"name":"(anonymous_3)","decl":{"start":{"line":28,"column":2},"end":{"line":28,"column":3}},"loc":{"start":{"line":28,"column":37},"end":{"line":67,"column":3}},"line":28},"4":{"name":"(anonymous_4)","decl":{"start":{"line":30,"column":39},"end":{"line":30,"column":40}},"loc":{"start":{"line":30,"column":60},"end":{"line":59,"column":7}},"line":30},"5":{"name":"(anonymous_5)","decl":{"start":{"line":31,"column":19},"end":{"line":31,"column":20}},"loc":{"start":{"line":31,"column":31},"end":{"line":58,"column":9}},"line":31},"6":{"name":"(anonymous_6)","decl":{"start":{"line":45,"column":39},"end":{"line":45,"column":40}},"loc":{"start":{"line":45,"column":49},"end":{"line":45,"column":71}},"line":45},"7":{"name":"(anonymous_7)","decl":{"start":{"line":73,"column":2},"end":{"line":73,"column":3}},"loc":{"start":{"line":73,"column":54},"end":{"line":109,"column":3}},"line":73},"8":{"name":"(anonymous_8)","decl":{"start":{"line":75,"column":39},"end":{"line":75,"column":40}},"loc":{"start":{"line":75,"column":60},"end":{"line":103,"column":7}},"line":75},"9":{"name":"(anonymous_9)","decl":{"start":{"line":76,"column":19},"end":{"line":76,"column":20}},"loc":{"start":{"line":76,"column":31},"end":{"line":102,"column":9}},"line":76},"10":{"name":"(anonymous_10)","decl":{"start":{"line":85,"column":45},"end":{"line":85,"column":46}},"loc":{"start":{"line":86,"column":14},"end":{"line":86,"column":73}},"line":86},"11":{"name":"(anonymous_11)","decl":{"start":{"line":89,"column":14},"end":{"line":89,"column":15}},"loc":{"start":{"line":89,"column":24},"end":{"line":89,"column":46}},"line":89},"12":{"name":"(anonymous_12)","decl":{"start":{"line":115,"column":2},"end":{"line":115,"column":3}},"loc":{"start":{"line":115,"column":16},"end":{"line":136,"column":3}},"line":115},"13":{"name":"(anonymous_13)","decl":{"start":{"line":117,"column":39},"end":{"line":117,"column":40}},"loc":{"start":{"line":117,"column":60},"end":{"line":131,"column":7}},"line":117},"14":{"name":"(anonymous_14)","decl":{"start":{"line":118,"column":19},"end":{"line":118,"column":20}},"loc":{"start":{"line":118,"column":31},"end":{"line":130,"column":9}},"line":118},"15":{"name":"(anonymous_15)","decl":{"start":{"line":142,"column":2},"end":{"line":142,"column":3}},"loc":{"start":{"line":142,"column":42},"end":{"line":164,"column":3}},"line":142},"16":{"name":"(anonymous_16)","decl":{"start":{"line":144,"column":39},"end":{"line":144,"column":40}},"loc":{"start":{"line":144,"column":60},"end":{"line":158,"column":7}},"line":144},"17":{"name":"(anonymous_17)","decl":{"start":{"line":145,"column":19},"end":{"line":145,"column":20}},"loc":{"start":{"line":145,"column":25},"end":{"line":157,"column":9}},"line":145}},"branchMap":{"0":{"loc":{"start":{"line":9,"column":10},"end":{"line":11,"column":11}},"type":"if","locations":[{"start":{"line":9,"column":10},"end":{"line":11,"column":11}},{"start":{},"end":{}}],"line":9},"1":{"loc":{"start":{"line":39,"column":12},"end":{"line":41,"column":13}},"type":"if","locations":[{"start":{"line":39,"column":12},"end":{"line":41,"column":13}},{"start":{},"end":{}}],"line":39},"2":{"loc":{"start":{"line":47,"column":12},"end":{"line":53,"column":13}},"type":"if","locations":[{"start":{"line":47,"column":12},"end":{"line":53,"column":13}},{"start":{"line":50,"column":19},"end":{"line":53,"column":13}}],"line":47},"3":{"loc":{"start":{"line":64,"column":8},"end":{"line":64,"column":62}},"type":"binary-expr","locations":[{"start":{"line":64,"column":8},"end":{"line":64,"column":21}},{"start":{"line":64,"column":25},"end":{"line":64,"column":62}}],"line":64},"4":{"loc":{"start":{"line":81,"column":12},"end":{"line":83,"column":13}},"type":"if","locations":[{"start":{"line":81,"column":12},"end":{"line":83,"column":13}},{"start":{},"end":{}}],"line":81},"5":{"loc":{"start":{"line":86,"column":14},"end":{"line":86,"column":73}},"type":"cond-expr","locations":[{"start":{"line":86,"column":39},"end":{"line":86,"column":66}},{"start":{"line":86,"column":69},"end":{"line":86,"column":73}}],"line":86},"6":{"loc":{"start":{"line":91,"column":12},"end":{"line":97,"column":13}},"type":"if","locations":[{"start":{"line":91,"column":12},"end":{"line":97,"column":13}},{"start":{"line":94,"column":19},"end":{"line":97,"column":13}}],"line":91},"7":{"loc":{"start":{"line":107,"column":29},"end":{"line":107,"column":77}},"type":"binary-expr","locations":[{"start":{"line":107,"column":29},"end":{"line":107,"column":42}},{"start":{"line":107,"column":46},"end":{"line":107,"column":77}}],"line":107},"8":{"loc":{"start":{"line":122,"column":12},"end":{"line":124,"column":13}},"type":"if","locations":[{"start":{"line":122,"column":12},"end":{"line":124,"column":13}},{"start":{},"end":{}}],"line":122}},"s":{"0":0,"1":0,"2":0,"3":0,"4":0,"5":0,"6":0,"7":0,"8":0,"9":0,"10":0,"11":0,"12":0,"13":0,"14":0,"15":0,"16":0,"17":0,"18":0,"19":0,"20":0,"21":0,"22":0,"23":0,"24":0,"25":0,"26":0,"27":0,"28":0,"29":0,"30":0,"31":0,"32":0,"33":0,"34":0,"35":0,"36":0,"37":0,"38":0,"39":0,"40":0,"41":0,"42":0,"43":0,"44":0,"45":0,"46":0,"47":0,"48":0,"49":0,"50":0,"51":0,"52":0,"53":0,"54":0,"55":0,"56":0,"57":0,"58":0,"59":0,"60":0,"61":0,"62":0,"63":0,"64":0,"65":0,"66":0,"67":0,"68":0,"69":0,"70":0,"71":0,"72":0,"73":0,"74":0,"75":0,"76":0,"77":0,"78":0,"79":0,"80":0,"81":0},"f":{"0":0,"1":0,"2":0,"3":0,"4":0,"5":0,"6":0,"7":0,"8":0,"9":0,"10":0,"11":0,"12":0,"13":0,"14":0,"15":0,"16":0,"17":0},"b":{"0":[0,0],"1":[0,0],"2":[0,0],"3":[0,0],"4":[0,0],"5":[0,0],"6":[0,0],"7":[0,0],"8":[0,0]}}
,"C:\\Users\\donpa\\Desktop\\DASHBOARD MIRANDA\\src\\Rooms\\Pages\\RoomsCreate.jsx": {"path":"C:\\Users\\donpa\\Desktop\\DASHBOARD MIRANDA\\src\\Rooms\\Pages\\RoomsCreate.jsx","statementMap":{"0":{"start":{"line":28,"column":27},"end":{"line":204,"column":1}},"1":{"start":{"line":29,"column":19},"end":{"line":29,"column":32}},"2":{"start":{"line":30,"column":19},"end":{"line":30,"column":32}},"3":{"start":{"line":33,"column":32},"end":{"line":42,"column":4}},"4":{"start":{"line":45,"column":28},"end":{"line":51,"column":3}},"5":{"start":{"line":46,"column":28},"end":{"line":46,"column":36}},"6":{"start":{"line":47,"column":4},"end":{"line":50,"column":8}},"7":{"start":{"line":47,"column":31},"end":{"line":50,"column":5}},"8":{"start":{"line":53,"column":26},"end":{"line":62,"column":3}},"9":{"start":{"line":54,"column":4},"end":{"line":61,"column":6}},"10":{"start":{"line":55,"column":30},"end":{"line":56,"column":96}},"11":{"start":{"line":56,"column":44},"end":{"line":56,"column":60}},"12":{"start":{"line":57,"column":6},"end":{"line":60,"column":7}},"13":{"start":{"line":64,"column":27},"end":{"line":67,"column":3}},"14":{"start":{"line":65,"column":4},"end":{"line":65,"column":39}},"15":{"start":{"line":66,"column":4},"end":{"line":66,"column":23}},"16":{"start":{"line":71,"column":2},"end":{"line":203,"column":4}},"17":{"start":{"line":74,"column":35},"end":{"line":74,"column":53}},"18":{"start":{"line":111,"column":18},"end":{"line":114,"column":21}},"19":{"start":{"line":111,"column":45},"end":{"line":114,"column":19}},"20":{"start":{"line":121,"column":18},"end":{"line":124,"column":21}},"21":{"start":{"line":121,"column":45},"end":{"line":124,"column":19}},"22":{"start":{"line":155,"column":46},"end":{"line":155,"column":74}},"23":{"start":{"line":158,"column":46},"end":{"line":158,"column":71}},"24":{"start":{"line":162,"column":31},"end":{"line":162,"column":60}},"25":{"start":{"line":166,"column":46},"end":{"line":166,"column":67}},"26":{"start":{"line":170,"column":31},"end":{"line":170,"column":61}},"27":{"start":{"line":174,"column":46},"end":{"line":174,"column":74}},"28":{"start":{"line":177,"column":46},"end":{"line":177,"column":71}},"29":{"start":{"line":180,"column":46},"end":{"line":180,"column":70}},"30":{"start":{"line":183,"column":46},"end":{"line":183,"column":71}}},"fnMap":{"0":{"name":"(anonymous_0)","decl":{"start":{"line":28,"column":27},"end":{"line":28,"column":28}},"loc":{"start":{"line":28,"column":33},"end":{"line":204,"column":1}},"line":28},"1":{"name":"(anonymous_1)","decl":{"start":{"line":45,"column":28},"end":{"line":45,"column":29}},"loc":{"start":{"line":45,"column":35},"end":{"line":51,"column":3}},"line":45},"2":{"name":"(anonymous_2)","decl":{"start":{"line":47,"column":15},"end":{"line":47,"column":16}},"loc":{"start":{"line":47,"column":31},"end":{"line":50,"column":5}},"line":47},"3":{"name":"(anonymous_3)","decl":{"start":{"line":53,"column":26},"end":{"line":53,"column":27}},"loc":{"start":{"line":53,"column":39},"end":{"line":62,"column":3}},"line":53},"4":{"name":"(anonymous_4)","decl":{"start":{"line":54,"column":16},"end":{"line":54,"column":17}},"loc":{"start":{"line":54,"column":31},"end":{"line":61,"column":5}},"line":54},"5":{"name":"(anonymous_5)","decl":{"start":{"line":56,"column":34},"end":{"line":56,"column":35}},"loc":{"start":{"line":56,"column":44},"end":{"line":56,"column":60}},"line":56},"6":{"name":"(anonymous_6)","decl":{"start":{"line":64,"column":27},"end":{"line":64,"column":28}},"loc":{"start":{"line":64,"column":33},"end":{"line":67,"column":3}},"line":64},"7":{"name":"(anonymous_7)","decl":{"start":{"line":74,"column":28},"end":{"line":74,"column":29}},"loc":{"start":{"line":74,"column":34},"end":{"line":74,"column":54}},"line":74},"8":{"name":"(anonymous_8)","decl":{"start":{"line":110,"column":25},"end":{"line":110,"column":26}},"loc":{"start":{"line":111,"column":18},"end":{"line":114,"column":21}},"line":111},"9":{"name":"(anonymous_9)","decl":{"start":{"line":111,"column":29},"end":{"line":111,"column":30}},"loc":{"start":{"line":111,"column":45},"end":{"line":114,"column":19}},"line":111},"10":{"name":"(anonymous_10)","decl":{"start":{"line":120,"column":25},"end":{"line":120,"column":26}},"loc":{"start":{"line":121,"column":18},"end":{"line":124,"column":21}},"line":121},"11":{"name":"(anonymous_11)","decl":{"start":{"line":121,"column":29},"end":{"line":121,"column":30}},"loc":{"start":{"line":121,"column":45},"end":{"line":124,"column":19}},"line":121},"12":{"name":"(anonymous_12)","decl":{"start":{"line":155,"column":40},"end":{"line":155,"column":41}},"loc":{"start":{"line":155,"column":46},"end":{"line":155,"column":74}},"line":155},"13":{"name":"(anonymous_13)","decl":{"start":{"line":158,"column":40},"end":{"line":158,"column":41}},"loc":{"start":{"line":158,"column":46},"end":{"line":158,"column":71}},"line":158},"14":{"name":"(anonymous_14)","decl":{"start":{"line":162,"column":25},"end":{"line":162,"column":26}},"loc":{"start":{"line":162,"column":31},"end":{"line":162,"column":60}},"line":162},"15":{"name":"(anonymous_15)","decl":{"start":{"line":166,"column":40},"end":{"line":166,"column":41}},"loc":{"start":{"line":166,"column":46},"end":{"line":166,"column":67}},"line":166},"16":{"name":"(anonymous_16)","decl":{"start":{"line":170,"column":25},"end":{"line":170,"column":26}},"loc":{"start":{"line":170,"column":31},"end":{"line":170,"column":61}},"line":170},"17":{"name":"(anonymous_17)","decl":{"start":{"line":174,"column":40},"end":{"line":174,"column":41}},"loc":{"start":{"line":174,"column":46},"end":{"line":174,"column":74}},"line":174},"18":{"name":"(anonymous_18)","decl":{"start":{"line":177,"column":40},"end":{"line":177,"column":41}},"loc":{"start":{"line":177,"column":46},"end":{"line":177,"column":71}},"line":177},"19":{"name":"(anonymous_19)","decl":{"start":{"line":180,"column":40},"end":{"line":180,"column":41}},"loc":{"start":{"line":180,"column":46},"end":{"line":180,"column":70}},"line":180},"20":{"name":"(anonymous_20)","decl":{"start":{"line":183,"column":40},"end":{"line":183,"column":41}},"loc":{"start":{"line":183,"column":46},"end":{"line":183,"column":71}},"line":183}},"branchMap":{"0":{"loc":{"start":{"line":55,"column":30},"end":{"line":56,"column":96}},"type":"cond-expr","locations":[{"start":{"line":56,"column":7},"end":{"line":56,"column":61}},{"start":{"line":56,"column":64},"end":{"line":56,"column":96}}],"line":55}},"s":{"0":0,"1":0,"2":0,"3":0,"4":0,"5":0,"6":0,"7":0,"8":0,"9":0,"10":0,"11":0,"12":0,"13":0,"14":0,"15":0,"16":0,"17":0,"18":0,"19":0,"20":0,"21":0,"22":0,"23":0,"24":0,"25":0,"26":0,"27":0,"28":0,"29":0,"30":0},"f":{"0":0,"1":0,"2":0,"3":0,"4":0,"5":0,"6":0,"7":0,"8":0,"9":0,"10":0,"11":0,"12":0,"13":0,"14":0,"15":0,"16":0,"17":0,"18":0,"19":0,"20":0},"b":{"0":[0,0]}}
,"C:\\Users\\donpa\\Desktop\\DASHBOARD MIRANDA\\src\\Rooms\\Pages\\RoomsEdit.jsx": {"path":"C:\\Users\\donpa\\Desktop\\DASHBOARD MIRANDA\\src\\Rooms\\Pages\\RoomsEdit.jsx","statementMap":{"0":{"start":{"line":28,"column":25},"end":{"line":205,"column":1}},"1":{"start":{"line":29,"column":17},"end":{"line":29,"column":28}},"2":{"start":{"line":30,"column":19},"end":{"line":30,"column":32}},"3":{"start":{"line":31,"column":19},"end":{"line":31,"column":32}},"4":{"start":{"line":32,"column":17},"end":{"line":32,"column":44}},"5":{"start":{"line":33,"column":19},"end":{"line":33,"column":48}},"6":{"start":{"line":34,"column":30},"end":{"line":41,"column":4}},"7":{"start":{"line":43,"column":23},"end":{"line":49,"column":3}},"8":{"start":{"line":44,"column":28},"end":{"line":44,"column":36}},"9":{"start":{"line":45,"column":4},"end":{"line":48,"column":8}},"10":{"start":{"line":45,"column":30},"end":{"line":48,"column":5}},"11":{"start":{"line":51,"column":21},"end":{"line":61,"column":3}},"12":{"start":{"line":52,"column":4},"end":{"line":60,"column":9}},"13":{"start":{"line":55,"column":8},"end":{"line":55,"column":54}},"14":{"start":{"line":56,"column":8},"end":{"line":56,"column":27}},"15":{"start":{"line":59,"column":8},"end":{"line":59,"column":69}},"16":{"start":{"line":63,"column":2},"end":{"line":71,"column":40}},"17":{"start":{"line":64,"column":4},"end":{"line":70,"column":5}},"18":{"start":{"line":65,"column":6},"end":{"line":65,"column":32}},"19":{"start":{"line":66,"column":11},"end":{"line":70,"column":5}},"20":{"start":{"line":67,"column":7},"end":{"line":67,"column":24}},"21":{"start":{"line":68,"column":11},"end":{"line":70,"column":5}},"22":{"start":{"line":69,"column":6},"end":{"line":69,"column":58}},"23":{"start":{"line":72,"column":2},"end":{"line":204,"column":4}},"24":{"start":{"line":114,"column":18},"end":{"line":117,"column":21}},"25":{"start":{"line":114,"column":44},"end":{"line":117,"column":19}},"26":{"start":{"line":124,"column":18},"end":{"line":127,"column":21}},"27":{"start":{"line":124,"column":44},"end":{"line":127,"column":19}},"28":{"start":{"line":157,"column":46},"end":{"line":157,"column":78}},"29":{"start":{"line":160,"column":46},"end":{"line":160,"column":75}},"30":{"start":{"line":164,"column":31},"end":{"line":164,"column":64}},"31":{"start":{"line":168,"column":46},"end":{"line":168,"column":71}},"32":{"start":{"line":172,"column":31},"end":{"line":172,"column":65}},"33":{"start":{"line":176,"column":46},"end":{"line":176,"column":78}},"34":{"start":{"line":179,"column":46},"end":{"line":179,"column":75}},"35":{"start":{"line":182,"column":46},"end":{"line":182,"column":74}},"36":{"start":{"line":185,"column":46},"end":{"line":185,"column":75}}},"fnMap":{"0":{"name":"(anonymous_0)","decl":{"start":{"line":28,"column":25},"end":{"line":28,"column":26}},"loc":{"start":{"line":28,"column":31},"end":{"line":205,"column":1}},"line":28},"1":{"name":"(anonymous_1)","decl":{"start":{"line":43,"column":23},"end":{"line":43,"column":24}},"loc":{"start":{"line":43,"column":30},"end":{"line":49,"column":3}},"line":43},"2":{"name":"(anonymous_2)","decl":{"start":{"line":45,"column":14},"end":{"line":45,"column":15}},"loc":{"start":{"line":45,"column":30},"end":{"line":48,"column":5}},"line":45},"3":{"name":"(anonymous_3)","decl":{"start":{"line":51,"column":21},"end":{"line":51,"column":22}},"loc":{"start":{"line":51,"column":27},"end":{"line":61,"column":3}},"line":51},"4":{"name":"(anonymous_4)","decl":{"start":{"line":54,"column":12},"end":{"line":54,"column":13}},"loc":{"start":{"line":54,"column":18},"end":{"line":57,"column":7}},"line":54},"5":{"name":"(anonymous_5)","decl":{"start":{"line":58,"column":13},"end":{"line":58,"column":14}},"loc":{"start":{"line":58,"column":24},"end":{"line":60,"column":7}},"line":58},"6":{"name":"(anonymous_6)","decl":{"start":{"line":63,"column":12},"end":{"line":63,"column":13}},"loc":{"start":{"line":63,"column":18},"end":{"line":71,"column":3}},"line":63},"7":{"name":"(anonymous_7)","decl":{"start":{"line":113,"column":25},"end":{"line":113,"column":26}},"loc":{"start":{"line":114,"column":18},"end":{"line":117,"column":21}},"line":114},"8":{"name":"(anonymous_8)","decl":{"start":{"line":114,"column":28},"end":{"line":114,"column":29}},"loc":{"start":{"line":114,"column":44},"end":{"line":117,"column":19}},"line":114},"9":{"name":"(anonymous_9)","decl":{"start":{"line":123,"column":25},"end":{"line":123,"column":26}},"loc":{"start":{"line":124,"column":18},"end":{"line":127,"column":21}},"line":124},"10":{"name":"(anonymous_10)","decl":{"start":{"line":124,"column":28},"end":{"line":124,"column":29}},"loc":{"start":{"line":124,"column":44},"end":{"line":127,"column":19}},"line":124},"11":{"name":"(anonymous_11)","decl":{"start":{"line":157,"column":40},"end":{"line":157,"column":41}},"loc":{"start":{"line":157,"column":46},"end":{"line":157,"column":78}},"line":157},"12":{"name":"(anonymous_12)","decl":{"start":{"line":160,"column":40},"end":{"line":160,"column":41}},"loc":{"start":{"line":160,"column":46},"end":{"line":160,"column":75}},"line":160},"13":{"name":"(anonymous_13)","decl":{"start":{"line":164,"column":25},"end":{"line":164,"column":26}},"loc":{"start":{"line":164,"column":31},"end":{"line":164,"column":64}},"line":164},"14":{"name":"(anonymous_14)","decl":{"start":{"line":168,"column":40},"end":{"line":168,"column":41}},"loc":{"start":{"line":168,"column":46},"end":{"line":168,"column":71}},"line":168},"15":{"name":"(anonymous_15)","decl":{"start":{"line":172,"column":25},"end":{"line":172,"column":26}},"loc":{"start":{"line":172,"column":31},"end":{"line":172,"column":65}},"line":172},"16":{"name":"(anonymous_16)","decl":{"start":{"line":176,"column":40},"end":{"line":176,"column":41}},"loc":{"start":{"line":176,"column":46},"end":{"line":176,"column":78}},"line":176},"17":{"name":"(anonymous_17)","decl":{"start":{"line":179,"column":40},"end":{"line":179,"column":41}},"loc":{"start":{"line":179,"column":46},"end":{"line":179,"column":75}},"line":179},"18":{"name":"(anonymous_18)","decl":{"start":{"line":182,"column":40},"end":{"line":182,"column":41}},"loc":{"start":{"line":182,"column":46},"end":{"line":182,"column":74}},"line":182},"19":{"name":"(anonymous_19)","decl":{"start":{"line":185,"column":40},"end":{"line":185,"column":41}},"loc":{"start":{"line":185,"column":46},"end":{"line":185,"column":75}},"line":185}},"branchMap":{"0":{"loc":{"start":{"line":64,"column":4},"end":{"line":70,"column":5}},"type":"if","locations":[{"start":{"line":64,"column":4},"end":{"line":70,"column":5}},{"start":{"line":66,"column":11},"end":{"line":70,"column":5}}],"line":64},"1":{"loc":{"start":{"line":66,"column":11},"end":{"line":70,"column":5}},"type":"if","locations":[{"start":{"line":66,"column":11},"end":{"line":70,"column":5}},{"start":{"line":68,"column":11},"end":{"line":70,"column":5}}],"line":66},"2":{"loc":{"start":{"line":68,"column":11},"end":{"line":70,"column":5}},"type":"if","locations":[{"start":{"line":68,"column":11},"end":{"line":70,"column":5}},{"start":{},"end":{}}],"line":68},"3":{"loc":{"start":{"line":85,"column":21},"end":{"line":85,"column":44}},"type":"binary-expr","locations":[{"start":{"line":85,"column":21},"end":{"line":85,"column":38}},{"start":{"line":85,"column":42},"end":{"line":85,"column":44}}],"line":85},"4":{"loc":{"start":{"line":94,"column":21},"end":{"line":94,"column":46}},"type":"binary-expr","locations":[{"start":{"line":94,"column":21},"end":{"line":94,"column":40}},{"start":{"line":94,"column":44},"end":{"line":94,"column":46}}],"line":94},"5":{"loc":{"start":{"line":105,"column":21},"end":{"line":105,"column":45}},"type":"binary-expr","locations":[{"start":{"line":105,"column":21},"end":{"line":105,"column":39}},{"start":{"line":105,"column":43},"end":{"line":105,"column":45}}],"line":105},"6":{"loc":{"start":{"line":139,"column":21},"end":{"line":139,"column":45}},"type":"binary-expr","locations":[{"start":{"line":139,"column":21},"end":{"line":139,"column":39}},{"start":{"line":139,"column":43},"end":{"line":139,"column":45}}],"line":139},"7":{"loc":{"start":{"line":150,"column":21},"end":{"line":150,"column":51}},"type":"binary-expr","locations":[{"start":{"line":150,"column":21},"end":{"line":150,"column":45}},{"start":{"line":150,"column":49},"end":{"line":150,"column":51}}],"line":150}},"s":{"0":0,"1":0,"2":0,"3":0,"4":0,"5":0,"6":0,"7":0,"8":0,"9":0,"10":0,"11":0,"12":0,"13":0,"14":0,"15":0,"16":0,"17":0,"18":0,"19":0,"20":0,"21":0,"22":0,"23":0,"24":0,"25":0,"26":0,"27":0,"28":0,"29":0,"30":0,"31":0,"32":0,"33":0,"34":0,"35":0,"36":0},"f":{"0":0,"1":0,"2":0,"3":0,"4":0,"5":0,"6":0,"7":0,"8":0,"9":0,"10":0,"11":0,"12":0,"13":0,"14":0,"15":0,"16":0,"17":0,"18":0,"19":0},"b":{"0":[0,0],"1":[0,0],"2":[0,0],"3":[0,0],"4":[0,0],"5":[0,0],"6":[0,0],"7":[0,0]}}
,"C:\\Users\\donpa\\Desktop\\DASHBOARD MIRANDA\\src\\Rooms\\Pages\\RoomsList.jsx": {"path":"C:\\Users\\donpa\\Desktop\\DASHBOARD MIRANDA\\src\\Rooms\\Pages\\RoomsList.jsx","statementMap":{"0":{"start":{"line":40,"column":25},"end":{"line":218,"column":1}},"1":{"start":{"line":41,"column":19},"end":{"line":41,"column":32}},"2":{"start":{"line":42,"column":19},"end":{"line":42,"column":32}},"3":{"start":{"line":43,"column":23},"end":{"line":43,"column":51}},"4":{"start":{"line":44,"column":25},"end":{"line":44,"column":55}},"5":{"start":{"line":46,"column":38},"end":{"line":46,"column":50}},"6":{"start":{"line":47,"column":23},"end":{"line":47,"column":25}},"7":{"start":{"line":48,"column":40},"end":{"line":48,"column":51}},"8":{"start":{"line":50,"column":2},"end":{"line":56,"column":47}},"9":{"start":{"line":51,"column":4},"end":{"line":55,"column":5}},"10":{"start":{"line":52,"column":6},"end":{"line":52,"column":29}},"11":{"start":{"line":53,"column":11},"end":{"line":55,"column":5}},"12":{"start":{"line":58,"column":2},"end":{"line":60,"column":3}},"13":{"start":{"line":59,"column":4},"end":{"line":59,"column":33}},"14":{"start":{"line":62,"column":2},"end":{"line":64,"column":3}},"15":{"start":{"line":63,"column":4},"end":{"line":63,"column":67}},"16":{"start":{"line":67,"column":24},"end":{"line":71,"column":3}},"17":{"start":{"line":69,"column":6},"end":{"line":70,"column":69}},"18":{"start":{"line":74,"column":21},"end":{"line":74,"column":67}},"19":{"start":{"line":75,"column":26},"end":{"line":75,"column":52}},"20":{"start":{"line":76,"column":27},"end":{"line":76,"column":57}},"21":{"start":{"line":77,"column":23},"end":{"line":77,"column":77}},"22":{"start":{"line":80,"column":25},"end":{"line":84,"column":3}},"23":{"start":{"line":81,"column":4},"end":{"line":83,"column":5}},"24":{"start":{"line":82,"column":6},"end":{"line":82,"column":38}},"25":{"start":{"line":86,"column":25},"end":{"line":90,"column":3}},"26":{"start":{"line":87,"column":4},"end":{"line":89,"column":5}},"27":{"start":{"line":88,"column":6},"end":{"line":88,"column":38}},"28":{"start":{"line":92,"column":26},"end":{"line":94,"column":3}},"29":{"start":{"line":93,"column":4},"end":{"line":93,"column":31}},"30":{"start":{"line":96,"column":23},"end":{"line":99,"column":3}},"31":{"start":{"line":97,"column":4},"end":{"line":97,"column":38}},"32":{"start":{"line":98,"column":4},"end":{"line":98,"column":22}},"33":{"start":{"line":101,"column":24},"end":{"line":103,"column":3}},"34":{"start":{"line":102,"column":4},"end":{"line":102,"column":30}},"35":{"start":{"line":105,"column":27},"end":{"line":109,"column":3}},"36":{"start":{"line":106,"column":4},"end":{"line":106,"column":19}},"37":{"start":{"line":107,"column":4},"end":{"line":107,"column":34}},"38":{"start":{"line":108,"column":4},"end":{"line":108,"column":29}},"39":{"start":{"line":111,"column":2},"end":{"line":217,"column":4}},"40":{"start":{"line":145,"column":12},"end":{"line":185,"column":21}},"41":{"start":{"line":181,"column":33},"end":{"line":181,"column":58}},"42":{"start":{"line":199,"column":12},"end":{"line":205,"column":25}},"43":{"start":{"line":201,"column":29},"end":{"line":201,"column":55}}},"fnMap":{"0":{"name":"(anonymous_0)","decl":{"start":{"line":40,"column":25},"end":{"line":40,"column":26}},"loc":{"start":{"line":40,"column":31},"end":{"line":218,"column":1}},"line":40},"1":{"name":"(anonymous_1)","decl":{"start":{"line":50,"column":12},"end":{"line":50,"column":13}},"loc":{"start":{"line":50,"column":18},"end":{"line":56,"column":3}},"line":50},"2":{"name":"(anonymous_2)","decl":{"start":{"line":68,"column":4},"end":{"line":68,"column":5}},"loc":{"start":{"line":69,"column":6},"end":{"line":70,"column":69}},"line":69},"3":{"name":"(anonymous_3)","decl":{"start":{"line":80,"column":25},"end":{"line":80,"column":26}},"loc":{"start":{"line":80,"column":31},"end":{"line":84,"column":3}},"line":80},"4":{"name":"(anonymous_4)","decl":{"start":{"line":86,"column":25},"end":{"line":86,"column":26}},"loc":{"start":{"line":86,"column":31},"end":{"line":90,"column":3}},"line":86},"5":{"name":"(anonymous_5)","decl":{"start":{"line":92,"column":26},"end":{"line":92,"column":27}},"loc":{"start":{"line":92,"column":42},"end":{"line":94,"column":3}},"line":92},"6":{"name":"(anonymous_6)","decl":{"start":{"line":96,"column":23},"end":{"line":96,"column":24}},"loc":{"start":{"line":96,"column":34},"end":{"line":99,"column":3}},"line":96},"7":{"name":"(anonymous_7)","decl":{"start":{"line":101,"column":24},"end":{"line":101,"column":25}},"loc":{"start":{"line":101,"column":30},"end":{"line":103,"column":3}},"line":101},"8":{"name":"(anonymous_8)","decl":{"start":{"line":105,"column":27},"end":{"line":105,"column":28}},"loc":{"start":{"line":105,"column":41},"end":{"line":109,"column":3}},"line":105},"9":{"name":"(anonymous_9)","decl":{"start":{"line":144,"column":28},"end":{"line":144,"column":29}},"loc":{"start":{"line":145,"column":12},"end":{"line":185,"column":21}},"line":145},"10":{"name":"(anonymous_10)","decl":{"start":{"line":181,"column":27},"end":{"line":181,"column":28}},"loc":{"start":{"line":181,"column":33},"end":{"line":181,"column":58}},"line":181},"11":{"name":"(anonymous_11)","decl":{"start":{"line":198,"column":38},"end":{"line":198,"column":39}},"loc":{"start":{"line":199,"column":12},"end":{"line":205,"column":25}},"line":199},"12":{"name":"(anonymous_12)","decl":{"start":{"line":201,"column":23},"end":{"line":201,"column":24}},"loc":{"start":{"line":201,"column":29},"end":{"line":201,"column":55}},"line":201}},"branchMap":{"0":{"loc":{"start":{"line":51,"column":4},"end":{"line":55,"column":5}},"type":"if","locations":[{"start":{"line":51,"column":4},"end":{"line":55,"column":5}},{"start":{"line":53,"column":11},"end":{"line":55,"column":5}}],"line":51},"1":{"loc":{"start":{"line":53,"column":11},"end":{"line":55,"column":5}},"type":"if","locations":[{"start":{"line":53,"column":11},"end":{"line":55,"column":5}},{"start":{},"end":{}}],"line":53},"2":{"loc":{"start":{"line":58,"column":2},"end":{"line":60,"column":3}},"type":"if","locations":[{"start":{"line":58,"column":2},"end":{"line":60,"column":3}},{"start":{},"end":{}}],"line":58},"3":{"loc":{"start":{"line":62,"column":2},"end":{"line":64,"column":3}},"type":"if","locations":[{"start":{"line":62,"column":2},"end":{"line":64,"column":3}},{"start":{},"end":{}}],"line":62},"4":{"loc":{"start":{"line":69,"column":6},"end":{"line":70,"column":69}},"type":"binary-expr","locations":[{"start":{"line":69,"column":6},"end":{"line":69,"column":54}},{"start":{"line":70,"column":6},"end":{"line":70,"column":69}}],"line":69},"5":{"loc":{"start":{"line":81,"column":4},"end":{"line":83,"column":5}},"type":"if","locations":[{"start":{"line":81,"column":4},"end":{"line":83,"column":5}},{"start":{},"end":{}}],"line":81},"6":{"loc":{"start":{"line":87,"column":4},"end":{"line":89,"column":5}},"type":"if","locations":[{"start":{"line":87,"column":4},"end":{"line":89,"column":5}},{"start":{},"end":{}}],"line":87},"7":{"loc":{"start":{"line":148,"column":23},"end":{"line":148,"column":74}},"type":"binary-expr","locations":[{"start":{"line":148,"column":23},"end":{"line":148,"column":37}},{"start":{"line":148,"column":41},"end":{"line":148,"column":74}}],"line":148},"8":{"loc":{"start":{"line":157,"column":17},"end":{"line":159,"column":52}},"type":"cond-expr","locations":[{"start":{"line":158,"column":20},"end":{"line":158,"column":45}},{"start":{"line":159,"column":20},"end":{"line":159,"column":52}}],"line":157},"9":{"loc":{"start":{"line":159,"column":20},"end":{"line":159,"column":52}},"type":"binary-expr","locations":[{"start":{"line":159,"column":20},"end":{"line":159,"column":34}},{"start":{"line":159,"column":38},"end":{"line":159,"column":52}}],"line":159}},"s":{"0":0,"1":0,"2":0,"3":0,"4":0,"5":0,"6":0,"7":0,"8":0,"9":0,"10":0,"11":0,"12":0,"13":0,"14":0,"15":0,"16":0,"17":0,"18":0,"19":0,"20":0,"21":0,"22":0,"23":0,"24":0,"25":0,"26":0,"27":0,"28":0,"29":0,"30":
[...]
"column":26},"end":{"line":32,"column":2}},"1":{"start":{"line":18,"column":4},"end":{"line":30,"column":9}},"2":{"start":{"line":20,"column":8},"end":{"line":20,"column":33}},"3":{"start":{"line":23,"column":8},"end":{"line":23,"column":35}},"4":{"start":{"line":24,"column":8},"end":{"line":24,"column":36}},"5":{"start":{"line":25,"column":8},"end":{"line":25,"column":27}},"6":{"start":{"line":28,"column":8},"end":{"line":28,"column":34}},"7":{"start":{"line":29,"column":8},"end":{"line":29,"column":43}},"8":{"start":{"line":35,"column":28},"end":{"line":35,"column":55}},"9":{"start":{"line":35,"column":39},"end":{"line":35,"column":55}},"10":{"start":{"line":36,"column":30},"end":{"line":36,"column":59}},"11":{"start":{"line":36,"column":41},"end":{"line":36,"column":59}}},"fnMap":{"0":{"name":"(anonymous_0)","decl":{"start":{"line":16,"column":17},"end":{"line":16,"column":18}},"loc":{"start":{"line":16,"column":30},"end":{"line":31,"column":3}},"line":16},"1":{"name":"(anonymous_1)","decl":{"start":{"line":19,"column":38},"end":{"line":19,"column":39}},"loc":{"start":{"line":19,"column":49},"end":{"line":21,"column":7}},"line":19},"2":{"name":"(anonymous_2)","decl":{"start":{"line":22,"column":40},"end":{"line":22,"column":41}},"loc":{"start":{"line":22,"column":59},"end":{"line":26,"column":7}},"line":22},"3":{"name":"(anonymous_3)","decl":{"start":{"line":27,"column":39},"end":{"line":27,"column":40}},"loc":{"start":{"line":27,"column":58},"end":{"line":30,"column":7}},"line":27},"4":{"name":"(anonymous_4)","decl":{"start":{"line":35,"column":28},"end":{"line":35,"column":29}},"loc":{"start":{"line":35,"column":39},"end":{"line":35,"column":55}},"line":35},"5":{"name":"(anonymous_5)","decl":{"start":{"line":36,"column":30},"end":{"line":36,"column":31}},"loc":{"start":{"line":36,"column":41},"end":{"line":36,"column":59}},"line":36}},"branchMap":{},"s":{"0":0,"1":0,"2":0,"3":0,"4":0,"5":0,"6":0,"7":0,"8":0,"9":0,"10":0,"11":0},"f":{"0":0,"1":0,"2":0,"3":0,"4":0,"5":0},"b":{}}
,"C:\\Users\\donpa\\Desktop\\DASHBOARD MIRANDA\\src\\Users\\Features\\UsersThunk.js": {"path":"C:\\Users\\donpa\\Desktop\\DASHBOARD MIRANDA\\src\\Users\\Features\\UsersThunk.js","statementMap":{"0":{"start":{"line":4,"column":29},"end":{"line":24,"column":2}},"1":{"start":{"line":5,"column":4},"end":{"line":23,"column":5}},"2":{"start":{"line":6,"column":22},"end":{"line":19,"column":10}},"3":{"start":{"line":7,"column":12},"end":{"line":18,"column":19}},"4":{"start":{"line":8,"column":16},"end":{"line":17,"column":17}},"5":{"start":{"line":9,"column":37},"end":{"line":9,"column":69}},"6":{"start":{"line":10,"column":20},"end":{"line":12,"column":21}},"7":{"start":{"line":11,"column":24},"end":{"line":11,"column":60}},"8":{"start":{"line":13,"column":33},"end":{"line":13,"column":54}},"9":{"start":{"line":14,"column":20},"end":{"line":14,"column":34}},"10":{"start":{"line":16,"column":20},"end":{"line":16,"column":34}},"11":{"start":{"line":20,"column":8},"end":{"line":20,"column":21}},"12":{"start":{"line":22,"column":8},"end":{"line":22,"column":71}},"13":{"start":{"line":28,"column":32},"end":{"line":52,"column":3}},"14":{"start":{"line":31,"column":6},"end":{"line":50,"column":7}},"15":{"start":{"line":32,"column":23},"end":{"line":46,"column":10}},"16":{"start":{"line":33,"column":10},"end":{"line":45,"column":18}},"17":{"start":{"line":34,"column":12},"end":{"line":44,"column":13}},"18":{"start":{"line":35,"column":31},"end":{"line":35,"column":75}},"19":{"start":{"line":37,"column":14},"end":{"line":39,"column":15}},"20":{"start":{"line":38,"column":16},"end":{"line":38,"column":56}},"21":{"start":{"line":41,"column":14},"end":{"line":41,"column":34}},"22":{"start":{"line":43,"column":14},"end":{"line":43,"column":28}},"23":{"start":{"line":47,"column":8},"end":{"line":47,"column":22}},"24":{"start":{"line":49,"column":8},"end":{"line":49,"column":57}}},"fnMap":{"0":{"name":"(anonymous_0)","decl":{"start":{"line":4,"column":65},"end":{"line":4,"column":66}},"loc":{"start":{"line":4,"column":77},"end":{"line":24,"column":1}},"line":4},"1":{"name":"(anonymous_1)","decl":{"start":{"line":6,"column":41},"end":{"line":6,"column":42}},"loc":{"start":{"line":6,"column":62},"end":{"line":19,"column":9}},"line":6},"2":{"name":"(anonymous_2)","decl":{"start":{"line":7,"column":23},"end":{"line":7,"column":24}},"loc":{"start":{"line":7,"column":35},"end":{"line":18,"column":13}},"line":7},"3":{"name":"(anonymous_3)","decl":{"start":{"line":30,"column":4},"end":{"line":30,"column":5}},"loc":{"start":{"line":30,"column":18},"end":{"line":51,"column":5}},"line":30},"4":{"name":"(anonymous_4)","decl":{"start":{"line":32,"column":41},"end":{"line":32,"column":42}},"loc":{"start":{"line":32,"column":62},"end":{"line":46,"column":9}},"line":32},"5":{"name":"(anonymous_5)","decl":{"start":{"line":33,"column":21},"end":{"line":33,"column":22}},"loc":{"start":{"line":33,"column":33},"end":{"line":45,"column":11}},"line":33}},"branchMap":{"0":{"loc":{"start":{"line":10,"column":20},"end":{"line":12,"column":21}},"type":"if","locations":[{"start":{"line":10,"column":20},"end":{"line":12,"column":21}},{"start":{},"end":{}}],"line":10},"1":{"loc":{"start":{"line":37,"column":14},"end":{"line":39,"column":15}},"type":"if","locations":[{"start":{"line":37,"column":14},"end":{"line":39,"column":15}},{"start":{},"end":{}}],"line":37}},"s":{"0":0,"1":0,"2":0,"3":0,"4":0,"5":0,"6":0,"7":0,"8":0,"9":0,"10":0,"11":0,"12":0,"13":0,"14":0,"15":0,"16":0,"17":0,"18":0,"19":0,"20":0,"21":0,"22":0,"23":0,"24":0},"f":{"0":0,"1":0,"2":0,"3":0,"4":0,"5":0},"b":{"0":[0,0],"1":[0,0]}}
,"C:\\Users\\donpa\\Desktop\\DASHBOARD MIRANDA\\src\\Users\\Page\\UserCreate.jsx": {"path":"C:\\Users\\donpa\\Desktop\\DASHBOARD MIRANDA\\src\\Users\\Page\\UserCreate.jsx","statementMap":{"0":{"start":{"line":3,"column":26},"end":{"line":63,"column":1}},"1":{"start":{"line":7,"column":4},"end":{"line":62,"column":5}}},"fnMap":{"0":{"name":"(anonymous_0)","decl":{"start":{"line":3,"column":26},"end":{"line":3,"column":27}},"loc":{"start":{"line":3,"column":32},"end":{"line":63,"column":1}},"line":3}},"branchMap":{},"s":{"0":0,"1":0},"f":{"0":0},"b":{}}
,"C:\\Users\\donpa\\Desktop\\DASHBOARD MIRANDA\\src\\Users\\Page\\UsersList.jsx": {"path":"C:\\Users\\donpa\\Desktop\\DASHBOARD MIRANDA\\src\\Users\\Page\\UsersList.jsx","statementMap":{"0":{"start":{"line":30,"column":24},"end":{"line":167,"column":1}},"1":{"start":{"line":31,"column":40},"end":{"line":31,"column":51}},"2":{"start":{"line":32,"column":23},"end":{"line":32,"column":25}},"3":{"start":{"line":33,"column":19},"end":{"line":33,"column":32}},"4":{"start":{"line":34,"column":20},"end":{"line":34,"column":45}},"5":{"start":{"line":35,"column":28},"end":{"line":35,"column":47}},"6":{"start":{"line":36,"column":21},"end":{"line":36,"column":48}},"7":{"start":{"line":37,"column":19},"end":{"line":37,"column":32}},"8":{"start":{"line":38,"column":27},"end":{"line":40,"column":3}},"9":{"start":{"line":39,"column":4},"end":{"line":39,"column":27}},"10":{"start":{"line":42,"column":22},"end":{"line":44,"column":4}},"11":{"start":{"line":43,"column":4},"end":{"line":43,"column":59}},"12":{"start":{"line":46,"column":26},"end":{"line":46,"column":52}},"13":{"start":{"line":47,"column":27},"end":{"line":47,"column":57}},"14":{"start":{"line":48,"column":23},"end":{"line":48,"column":75}},"15":{"start":{"line":50,"column":19},"end":{"line":50,"column":56}},"16":{"start":{"line":50,"column":25},"end":{"line":50,"column":56}},"17":{"start":{"line":51,"column":19},"end":{"line":51,"column":56}},"18":{"start":{"line":51,"column":25},"end":{"line":51,"column":56}},"19":{"start":{"line":53,"column":2},"end":{"line":61,"column":5}},"20":{"start":{"line":54,"column":4},"end":{"line":60,"column":5}},"21":{"start":{"line":55,"column":6},"end":{"line":55,"column":32}},"22":{"start":{"line":56,"column":11},"end":{"line":60,"column":5}},"23":{"start":{"line":57,"column":6},"end":{"line":57,"column":26}},"24":{"start":{"line":58,"column":11},"end":{"line":60,"column":5}},"25":{"start":{"line":59,"column":6},"end":{"line":59,"column":57}},"26":{"start":{"line":63,"column":27},"end":{"line":65,"column":5}},"27":{"start":{"line":64,"column":6},"end":{"line":64,"column":36}},"28":{"start":{"line":67,"column":2},"end":{"line":166,"column":4}},"29":{"start":{"line":103,"column":14},"end":{"line":130,"column":23}},"30":{"start":{"line":126,"column":35},"end":{"line":126,"column":60}},"31":{"start":{"line":146,"column":16},"end":{"line":152,"column":29}},"32":{"start":{"line":148,"column":33},"end":{"line":148,"column":58}}},"fnMap":{"0":{"name":"(anonymous_0)","decl":{"start":{"line":30,"column":24},"end":{"line":30,"column":25}},"loc":{"start":{"line":30,"column":30},"end":{"line":167,"column":1}},"line":30},"1":{"name":"(anonymous_1)","decl":{"start":{"line":38,"column":27},"end":{"line":38,"column":28}},"loc":{"start":{"line":38,"column":33},"end":{"line":40,"column":3}},"line":38},"2":{"name":"(anonymous_2)","decl":{"start":{"line":42,"column":38},"end":{"line":42,"column":39}},"loc":{"start":{"line":42,"column":48},"end":{"line":44,"column":3}},"line":42},"3":{"name":"(anonymous_3)","decl":{"start":{"line":50,"column":19},"end":{"line":50,"column":20}},"loc":{"start":{"line":50,"column":25},"end":{"line":50,"column":56}},"line":50},"4":{"name":"(anonymous_4)","decl":{"start":{"line":51,"column":19},"end":{"line":51,"column":20}},"loc":{"start":{"line":51,"column":25},"end":{"line":51,"column":56}},"line":51},"5":{"name":"(anonymous_5)","decl":{"start":{"line":53,"column":12},"end":{"line":53,"column":13}},"loc":{"start":{"line":53,"column":18},"end":{"line":61,"column":3}},"line":53},"6":{"name":"(anonymous_6)","decl":{"start":{"line":63,"column":27},"end":{"line":63,"column":28}},"loc":{"start":{"line":63,"column":41},"end":{"line":65,"column":5}},"line":63},"7":{"name":"(anonymous_7)","decl":{"start":{"line":102,"column":30},"end":{"line":102,"column":31}},"loc":{"start":{"line":103,"column":14},"end":{"line":130,"column":23}},"line":103},"8":{"name":"(anonymous_8)","decl":{"start":{"line":126,"column":29},"end":{"line":126,"column":30}},"loc":{"start":{"line":126,"column":35},"end":{"line":126,"column":60}},"line":126},"9":{"name":"(anonymous_9)","decl":{"start":{"line":145,"column":14},"end":{"line":145,"column":15}},"loc":{"start":{"line":146,"column":16},"end":{"line":152,"column":29}},"line":146},"10":{"name":"(anonymous_10)","decl":{"start":{"line":148,"column":27},"end":{"line":148,"column":28}},"loc":{"start":{"line":148,"column":33},"end":{"line":148,"column":58}},"line":148}},"branchMap":{"0":{"loc":{"start":{"line":54,"column":4},"end":{"line":60,"column":5}},"type":"if","locations":[{"start":{"line":54,"column":4},"end":{"line":60,"column":5}},{"start":{"line":56,"column":11},"end":{"line":60,"column":5}}],"line":54},"1":{"loc":{"start":{"line":56,"column":11},"end":{"line":60,"column":5}},"type":"if","locations":[{"start":{"line":56,"column":11},"end":{"line":60,"column":5}},{"start":{"line":58,"column":11},"end":{"line":60,"column":5}}],"line":56},"2":{"loc":{"start":{"line":58,"column":11},"end":{"line":60,"column":5}},"type":"if","locations":[{"start":{"line":58,"column":11},"end":{"line":60,"column":5}},{"start":{},"end":{}}],"line":58}},"s":{"0":0,"1":0,"2":0,"3":0,"4":0,"5":0,"6":0,"7":0,"8":0,"9":0,"10":0,"11":0,"12":0,"13":0,"14":0,"15":0,"16":0,"17":0,"18":0,"19":0,"20":0,"21":0,"22":0,"23":0,"24":0,"25":0,"26":0,"27":0,"28":0,"29":0,"30":0,"31":0,"32":0},"f":{"0":0,"1":0,"2":0,"3":0,"4":0,"5":0,"6":0,"7":0,"8":0,"9":0,"10":0},"b":{"0":[0,0],"1":[0,0],"2":[0,0]}}
,"C:\\Users\\donpa\\Desktop\\DASHBOARD MIRANDA\\src\\commons\\Table.js": {"path":"C:\\Users\\donpa\\Desktop\\DASHBOARD MIRANDA\\src\\commons\\Table.js","statementMap":{"0":{"start":{"line":4,"column":28},"end":{"line":7,"column":1}},"1":{"start":{"line":8,"column":22},"end":{"line":13,"column":1}},"2":{"start":{"line":15,"column":25},"end":{"line":22,"column":1}},"3":{"start":{"line":23,"column":26},"end":{"line":28,"column":1}},"4":{"start":{"line":29,"column":25},"end":{"line":31,"column":1}},"5":{"start":{"line":32,"column":24},"end":{"line":37,"column":1}},"6":{"start":{"line":38,"column":23},"end":{"line":40,"column":1}},"7":{"start":{"line":41,"column":27},"end":{"line":49,"column":1}},"8":{"start":{"line":43,"column":35},"end":{"line":43,"column":87}},"9":{"start":{"line":50,"column":30},"end":{"line":53,"column":1}},"10":{"start":{"line":54,"column":26},"end":{"line":61,"column":1}},"11":{"start":{"line":62,"column":21},"end":{"line":65,"column":1}},"12":{"start":{"line":66,"column":27},"end":{"line":68,"column":1}},"13":{"start":{"line":69,"column":25},"end":{"line":72,"column":1}},"14":{"start":{"line":73,"column":27},"end":{"line":76,"column":1}},"15":{"start":{"line":74,"column":23},"end":{"line":74,"column":72}},"16":{"start":{"line":78,"column":28},"end":{"line":82,"column":1}},"17":{"start":{"line":83,"column":25},"end":{"line":87,"column":1}},"18":{"start":{"line":88,"column":27},"end":{"line":92,"column":1}},"19":{"start":{"line":93,"column":28},"end":{"line":95,"column":1}},"20":{"start":{"line":96,"column":26},"end":{"line":99,"column":1}},"21":{"start":{"line":100,"column":28},"end":{"line":102,"column":1}},"22":{"start":{"line":103,"column":30},"end":{"line":116,"column":1}},"23":{"start":{"line":112,"column":4},"end":{"line":115,"column":12}},"24":{"start":{"line":117,"column":25},"end":{"line":119,"column":1}}},"fnMap":{"0":{"name":"(anonymous_0)","decl":{"start":{"line":43,"column":24},"end":{"line":43,"column":25}},"loc":{"start":{"line":43,"column":35},"end":{"line":43,"column":87}},"line":43},"1":{"name":"(anonymous_1)","decl":{"start":{"line":74,"column":12},"end":{"line":74,"column":13}},"loc":{"start":{"line":74,"column":23},"end":{"line":74,"column":72}},"line":74},"2":{"name":"(anonymous_2)","decl":{"start":{"line":111,"column":20},"end":{"line":111,"column":21}},"loc":{"start":{"line":112,"column":4},"end":{"line":115,"column":12}},"line":112}},"branchMap":{"0":{"loc":{"start":{"line":43,"column":35},"end":{"line":43,"column":87}},"type":"cond-expr","locations":[{"start":{"line":43,"column":66},"end":{"line":43,"column":75}},{"start":{"line":43,"column":78},"end":{"line":43,"column":87}}],"line":43},"1":{"loc":{"start":{"line":74,"column":23},"end":{"line":74,"column":72}},"type":"cond-expr","locations":[{"start":{"line":74,"column":51},"end":{"line":74,"column":60}},{"start":{"line":74,"column":63},"end":{"line":74,"column":72}}],"line":74},"2":{"loc":{"start":{"line":112,"column":4},"end":{"line":115,"column":12}},"type":"cond-expr","locations":[{"start":{"line":112,"column":37},"end":{"line":112,"column":45}},{"start":{"line":113,"column":4},"end":{"line":115,"column":12}}],"line":112},"3":{"loc":{"start":{"line":113,"column":4},"end":{"line":115,"column":12}},"type":"cond-expr","locations":[{"start":{"line":113,"column":34},"end":{"line":113,"column":43}},{"start":{"line":114,"column":4},"end":{"line":115,"column":12}}],"line":113},"4":{"loc":{"start":{"line":114,"column":4},"end":{"line":115,"column":12}},"type":"cond-expr","locations":[{"start":{"line":114,"column":35},"end":{"line":114,"column":44}},{"start":{"line":115,"column":4},"end":{"line":115,"column":12}}],"line":114}},"s":{"0":1,"1":1,"2":1,"3":1,"4":1,"5":1,"6":1,"7":1,"8":2,"9":1,"10":1,"11":1,"12":1,"13":1,"14":1,"15":0,"16":1,"17":1,"18":1,"19":1,"20":1,"21":1,"22":1,"23":0,"24":1},"f":{"0":2,"1":0,"2":0},"b":{"0":[1,1],"1":[0,0],"2":[0,0],"3":[0,0],"4":[0,0]},"_coverageSchema":"1a1c01bbd47fc00a2c39e90264f33305004495a9","hash":"cc60c7344ad7b346e799f9f6523fb79d2b1ff1b3"}
,"C:\\Users\\donpa\\Desktop\\DASHBOARD MIRANDA\\src\\commons\\Buttons\\Button.js": {"path":"C:\\Users\\donpa\\Desktop\\DASHBOARD MIRANDA\\src\\commons\\Buttons\\Button.js","statementMap":{"0":{"start":{"line":4,"column":29},"end":{"line":19,"column":1}}},"fnMap":{},"branchMap":{},"s":{"0":0},"f":{},"b":{}}
,"C:\\Users\\donpa\\Desktop\\DASHBOARD MIRANDA\\src\\commons\\Buttons\\ButtonFake.js": {"path":"C:\\Users\\donpa\\Desktop\\DASHBOARD MIRANDA\\src\\commons\\Buttons\\ButtonFake.js","statementMap":{"0":{"start":{"line":4,"column":26},"end":{"line":13,"column":1}},"1":{"start":{"line":5,"column":32},"end":{"line":5,"column":68}},"2":{"start":{"line":6,"column":21},"end":{"line":6,"column":53}}},"fnMap":{"0":{"name":"(anonymous_0)","decl":{"start":{"line":5,"column":20},"end":{"line":5,"column":21}},"loc":{"start":{"line":5,"column":32},"end":{"line":5,"column":68}},"line":5},"1":{"name":"(anonymous_1)","decl":{"start":{"line":6,"column":9},"end":{"line":6,"column":10}},"loc":{"start":{"line":6,"column":21},"end":{"line":6,"column":53}},"line":6}},"branchMap":{"0":{"loc":{"start":{"line":5,"column":32},"end":{"line":5,"column":68}},"type":"cond-expr","locations":[{"start":{"line":5,"column":47},"end":{"line":5,"column":56}},{"start":{"line":5,"column":59},"end":{"line":5,"column":68}}],"line":5},"1":{"loc":{"start":{"line":6,"column":21},"end":{"line":6,"column":53}},"type":"cond-expr","locations":[{"start":{"line":6,"column":36},"end":{"line":6,"column":43}},{"start":{"line":6,"column":46},"end":{"line":6,"column":53}}],"line":6}},"s":{"0":0,"1":0,"2":0},"f":{"0":0,"1":0},"b":{"0":[0,0],"1":[0,0]}}
,"C:\\Users\\donpa\\Desktop\\DASHBOARD MIRANDA\\src\\commons\\Buttons\\ButtonGreen.js": {"path":"C:\\Users\\donpa\\Desktop\\DASHBOARD MIRANDA\\src\\commons\\Buttons\\ButtonGreen.js","statementMap":{"0":{"start":{"line":5,"column":27},"end":{"line":15,"column":1}},"1":{"start":{"line":13,"column":29},"end":{"line":13,"column":77}},"2":{"start":{"line":14,"column":18},"end":{"line":14,"column":66}}},"fnMap":{"0":{"name":"(anonymous_0)","decl":{"start":{"line":13,"column":20},"end":{"line":13,"column":21}},"loc":{"start":{"line":13,"column":29},"end":{"line":13,"column":77}},"line":13},"1":{"name":"(anonymous_1)","decl":{"start":{"line":14,"column":9},"end":{"line":14,"column":10}},"loc":{"start":{"line":14,"column":18},"end":{"line":14,"column":66}},"line":14}},"branchMap":{"0":{"loc":{"start":{"line":13,"column":29},"end":{"line":13,"column":77}},"type":"cond-expr","locations":[{"start":{"line":13,"column":56},"end":{"line":13,"column":65}},{"start":{"line":13,"column":68},"end":{"line":13,"column":77}}],"line":13},"1":{"loc":{"start":{"line":14,"column":18},"end":{"line":14,"column":66}},"type":"cond-expr","locations":[{"start":{"line":14,"column":45},"end":{"line":14,"column":54}},{"start":{"line":14,"column":57},"end":{"line":14,"column":66}}],"line":14}},"s":{"0":0,"1":0,"2":0},"f":{"0":0,"1":0},"b":{"0":[0,0],"1":[0,0]}}
,"C:\\Users\\donpa\\Desktop\\DASHBOARD MIRANDA\\src\\commons\\Layout\\Layout.jsx": {"path":"C:\\Users\\donpa\\Desktop\\DASHBOARD MIRANDA\\src\\commons\\Layout\\Layout.jsx","statementMap":{"0":{"start":{"line":12,"column":22},"end":{"line":25,"column":1}},"1":{"start":{"line":15,"column":4},"end":{"line":24,"column":5}}},"fnMap":{"0":{"name":"(anonymous_0)","decl":{"start":{"line":12,"column":22},"end":{"line":12,"column":23}},"loc":{"start":{"line":12,"column":28},"end":{"line":25,"column":1}},"line":12}},"branchMap":{},"s":{"0":0,"1":0},"f":{"0":0},"b":{}}
,"C:\\Users\\donpa\\Desktop\\DASHBOARD MIRANDA\\src\\commons\\Layout\\LayoutStyle.js": {"path":"C:\\Users\\donpa\\Desktop\\DASHBOARD MIRANDA\\src\\commons\\Layout\\LayoutStyle.js","statementMap":{"0":{"start":{"line":3,"column":32},"end":{"line":5,"column":1}},"1":{"start":{"line":7,"column":28},"end":{"line":12,"column":2}},"2":{"start":{"line":13,"column":29},"end":{"line":17,"column":2}},"3":{"start":{"line":18,"column":27},"end":{"line":23,"column":2}},"4":{"start":{"line":24,"column":28},"end":{"line":27,"column":2}},"5":{"start":{"line":28,"column":31},"end":{"line":36,"column":2}},"6":{"start":{"line":37,"column":32},"end":{"line":39,"column":2}}},"fnMap":{},"branchMap":{},"s":{"0":0,"1":0,"2":0,"3":0,"4":0,"5":0,"6":0},"f":{},"b":{}}
}
